  Main.cpp
C:\Users\PC\source\repos\A1-Iroanya-Firstinitial\A1-IROANYA-V-gas-simulation\A1-Iroanya-Firstinitial\Shapes.h(21,26): warning C4244: 'argument': conversion from 'double' to 'GLint', possible loss of data
C:\Users\PC\source\repos\A1-Iroanya-Firstinitial\A1-IROANYA-V-gas-simulation\A1-Iroanya-Firstinitial\Shapes.h(21,23): warning C4244: 'argument': conversion from 'double' to 'GLint', possible loss of data
C:\Users\PC\source\repos\A1-Iroanya-Firstinitial\A1-IROANYA-V-gas-simulation\A1-Iroanya-Firstinitial\Shapes.h(27,1): warning C4305: '+=': truncation from 'double' to 'float'
C:\Users\PC\source\repos\A1-Iroanya-Firstinitial\A1-IROANYA-V-gas-simulation\A1-Iroanya-Firstinitial\Shapes.h(33,15): warning C4244: 'initializing': conversion from 'float' to 'int', possible loss of data
C:\Users\PC\source\repos\A1-Iroanya-Firstinitial\A1-IROANYA-V-gas-simulation\A1-Iroanya-Firstinitial\Shapes.h(36,29): warning C4244: 'argument': conversion from 'int' to 'GLfloat', possible loss of data
C:\Users\PC\source\repos\A1-Iroanya-Firstinitial\A1-IROANYA-V-gas-simulation\A1-Iroanya-Firstinitial\Shapes.h(36,22): warning C4244: 'argument': conversion from 'int' to 'GLfloat', possible loss of data
C:\Users\PC\source\repos\A1-Iroanya-Firstinitial\A1-IROANYA-V-gas-simulation\A1-Iroanya-Firstinitial\Shapes.h(37,29): warning C4244: 'argument': conversion from 'int' to 'GLfloat', possible loss of data
C:\Users\PC\source\repos\A1-Iroanya-Firstinitial\A1-IROANYA-V-gas-simulation\A1-Iroanya-Firstinitial\Shapes.h(37,22): warning C4244: 'argument': conversion from 'int' to 'GLfloat', possible loss of data
C:\Users\PC\source\repos\A1-Iroanya-Firstinitial\A1-IROANYA-V-gas-simulation\A1-Iroanya-Firstinitial\Shapes.h(38,20): warning C4244: 'argument': conversion from 'int' to 'GLfloat', possible loss of data
C:\Users\PC\source\repos\A1-Iroanya-Firstinitial\A1-IROANYA-V-gas-simulation\A1-Iroanya-Firstinitial\Shapes.h(39,33): warning C4244: 'argument': conversion from 'int' to 'GLfloat', possible loss of data
C:\Users\PC\source\repos\A1-Iroanya-Firstinitial\A1-IROANYA-V-gas-simulation\A1-Iroanya-Firstinitial\Shapes.h(39,22): warning C4244: 'argument': conversion from 'int' to 'GLfloat', possible loss of data
C:\Users\PC\source\repos\A1-Iroanya-Firstinitial\A1-IROANYA-V-gas-simulation\A1-Iroanya-Firstinitial\Shapes.h(40,23): warning C4244: 'argument': conversion from 'int' to 'GLfloat', possible loss of data
C:\Users\PC\source\repos\A1-Iroanya-Firstinitial\A1-IROANYA-V-gas-simulation\A1-Iroanya-Firstinitial\Shapes.h(40,20): warning C4244: 'argument': conversion from 'int' to 'GLfloat', possible loss of data
C:\Users\PC\source\repos\A1-Iroanya-Firstinitial\A1-IROANYA-V-gas-simulation\A1-Iroanya-Firstinitial\Shapes.h(41,29): warning C4244: 'argument': conversion from 'int' to 'GLfloat', possible loss of data
C:\Users\PC\source\repos\A1-Iroanya-Firstinitial\A1-IROANYA-V-gas-simulation\A1-Iroanya-Firstinitial\Shapes.h(41,22): warning C4244: 'argument': conversion from 'int' to 'GLfloat', possible loss of data
C:\Users\PC\source\repos\A1-Iroanya-Firstinitial\A1-IROANYA-V-gas-simulation\A1-Iroanya-Firstinitial\Shapes.h(42,23): warning C4244: 'argument': conversion from 'int' to 'GLfloat', possible loss of data
C:\Users\PC\source\repos\A1-Iroanya-Firstinitial\A1-IROANYA-V-gas-simulation\A1-Iroanya-Firstinitial\Shapes.h(43,29): warning C4244: 'argument': conversion from 'int' to 'GLfloat', possible loss of data
C:\Users\PC\source\repos\A1-Iroanya-Firstinitial\A1-IROANYA-V-gas-simulation\A1-Iroanya-Firstinitial\Shapes.h(43,22): warning C4244: 'argument': conversion from 'int' to 'GLfloat', possible loss of data
C:\Users\PC\source\repos\A1-Iroanya-Firstinitial\A1-IROANYA-V-gas-simulation\A1-Iroanya-Firstinitial\Shapes.h(45,29): warning C4244: 'argument': conversion from 'int' to 'GLfloat', possible loss of data
C:\Users\PC\source\repos\A1-Iroanya-Firstinitial\A1-IROANYA-V-gas-simulation\A1-Iroanya-Firstinitial\Shapes.h(45,22): warning C4244: 'argument': conversion from 'int' to 'GLfloat', possible loss of data
C:\Users\PC\source\repos\A1-Iroanya-Firstinitial\A1-IROANYA-V-gas-simulation\A1-Iroanya-Firstinitial\Shapes.h(52,15): warning C4244: 'initializing': conversion from 'float' to 'int', possible loss of data
C:\Users\PC\source\repos\A1-Iroanya-Firstinitial\A1-IROANYA-V-gas-simulation\A1-Iroanya-Firstinitial\Shapes.h(58,26): warning C4244: 'argument': conversion from 'int' to 'GLfloat', possible loss of data
C:\Users\PC\source\repos\A1-Iroanya-Firstinitial\A1-IROANYA-V-gas-simulation\A1-Iroanya-Firstinitial\Shapes.h(58,21): warning C4244: 'argument': conversion from 'int' to 'GLfloat', possible loss of data
C:\Users\PC\source\repos\A1-Iroanya-Firstinitial\A1-IROANYA-V-gas-simulation\A1-Iroanya-Firstinitial\Shapes.h(59,26): warning C4244: 'argument': conversion from 'int' to 'GLfloat', possible loss of data
C:\Users\PC\source\repos\A1-Iroanya-Firstinitial\A1-IROANYA-V-gas-simulation\A1-Iroanya-Firstinitial\Shapes.h(59,21): warning C4244: 'argument': conversion from 'int' to 'GLfloat', possible loss of data
C:\Users\PC\source\repos\A1-Iroanya-Firstinitial\A1-IROANYA-V-gas-simulation\A1-Iroanya-Firstinitial\Shapes.h(60,20): warning C4244: 'argument': conversion from 'int' to 'GLfloat', possible loss of data
C:\Users\PC\source\repos\A1-Iroanya-Firstinitial\A1-IROANYA-V-gas-simulation\A1-Iroanya-Firstinitial\Shapes.h(61,30): warning C4244: 'argument': conversion from 'int' to 'GLfloat', possible loss of data
C:\Users\PC\source\repos\A1-Iroanya-Firstinitial\A1-IROANYA-V-gas-simulation\A1-Iroanya-Firstinitial\Shapes.h(61,22): warning C4244: 'argument': conversion from 'int' to 'GLfloat', possible loss of data
C:\Users\PC\source\repos\A1-Iroanya-Firstinitial\A1-IROANYA-V-gas-simulation\A1-Iroanya-Firstinitial\Shapes.h(62,22): warning C4244: 'argument': conversion from 'int' to 'GLfloat', possible loss of data
C:\Users\PC\source\repos\A1-Iroanya-Firstinitial\A1-IROANYA-V-gas-simulation\A1-Iroanya-Firstinitial\Shapes.h(62,20): warning C4244: 'argument': conversion from 'int' to 'GLfloat', possible loss of data
C:\Users\PC\source\repos\A1-Iroanya-Firstinitial\A1-IROANYA-V-gas-simulation\A1-Iroanya-Firstinitial\Shapes.h(63,25): warning C4244: 'argument': conversion from 'int' to 'GLfloat', possible loss of data
C:\Users\PC\source\repos\A1-Iroanya-Firstinitial\A1-IROANYA-V-gas-simulation\A1-Iroanya-Firstinitial\Shapes.h(63,21): warning C4244: 'argument': conversion from 'int' to 'GLfloat', possible loss of data
C:\Users\PC\source\repos\A1-Iroanya-Firstinitial\A1-IROANYA-V-gas-simulation\A1-Iroanya-Firstinitial\Shapes.h(64,22): warning C4244: 'argument': conversion from 'int' to 'GLfloat', possible loss of data
C:\Users\PC\source\repos\A1-Iroanya-Firstinitial\A1-IROANYA-V-gas-simulation\A1-Iroanya-Firstinitial\Shapes.h(65,25): warning C4244: 'argument': conversion from 'int' to 'GLfloat', possible loss of data
C:\Users\PC\source\repos\A1-Iroanya-Firstinitial\A1-IROANYA-V-gas-simulation\A1-Iroanya-Firstinitial\Shapes.h(65,21): warning C4244: 'argument': conversion from 'int' to 'GLfloat', possible loss of data
C:\Users\PC\source\repos\A1-Iroanya-Firstinitial\A1-IROANYA-V-gas-simulation\A1-Iroanya-Firstinitial\Shapes.h(67,29): warning C4244: 'argument': conversion from 'int' to 'GLfloat', possible loss of data
C:\Users\PC\source\repos\A1-Iroanya-Firstinitial\A1-IROANYA-V-gas-simulation\A1-Iroanya-Firstinitial\Shapes.h(67,22): warning C4244: 'argument': conversion from 'int' to 'GLfloat', possible loss of data
C:\Users\PC\source\repos\A1-Iroanya-Firstinitial\A1-IROANYA-V-gas-simulation\A1-Iroanya-Firstinitial\Shapes.h(73,15): warning C4244: 'initializing': conversion from 'float' to 'int', possible loss of data
C:\Users\PC\source\repos\A1-Iroanya-Firstinitial\A1-IROANYA-V-gas-simulation\A1-Iroanya-Firstinitial\Shapes.h(78,29): warning C4244: 'argument': conversion from 'int' to 'GLfloat', possible loss of data
C:\Users\PC\source\repos\A1-Iroanya-Firstinitial\A1-IROANYA-V-gas-simulation\A1-Iroanya-Firstinitial\Shapes.h(78,22): warning C4244: 'argument': conversion from 'int' to 'GLfloat', possible loss of data
C:\Users\PC\source\repos\A1-Iroanya-Firstinitial\A1-IROANYA-V-gas-simulation\A1-Iroanya-Firstinitial\Shapes.h(79,22): warning C4244: 'argument': conversion from 'int' to 'GLfloat', possible loss of data
C:\Users\PC\source\repos\A1-Iroanya-Firstinitial\A1-IROANYA-V-gas-simulation\A1-Iroanya-Firstinitial\Shapes.h(80,20): warning C4244: 'argument': conversion from 'int' to 'GLfloat', possible loss of data
C:\Users\PC\source\repos\A1-Iroanya-Firstinitial\A1-IROANYA-V-gas-simulation\A1-Iroanya-Firstinitial\Shapes.h(81,25): warning C4244: 'argument': conversion from 'int' to 'GLfloat', possible loss of data
C:\Users\PC\source\repos\A1-Iroanya-Firstinitial\A1-IROANYA-V-gas-simulation\A1-Iroanya-Firstinitial\Shapes.h(81,20): warning C4244: 'argument': conversion from 'int' to 'GLfloat', possible loss of data
C:\Users\PC\source\repos\A1-Iroanya-Firstinitial\A1-IROANYA-V-gas-simulation\A1-Iroanya-Firstinitial\Shapes.h(82,23): warning C4244: 'argument': conversion from 'int' to 'GLfloat', possible loss of data
C:\Users\PC\source\repos\A1-Iroanya-Firstinitial\A1-IROANYA-V-gas-simulation\A1-Iroanya-Firstinitial\Shapes.h(82,20): warning C4244: 'argument': conversion from 'int' to 'GLfloat', possible loss of data
C:\Users\PC\source\repos\A1-Iroanya-Firstinitial\A1-IROANYA-V-gas-simulation\A1-Iroanya-Firstinitial\Shapes.h(83,27): warning C4244: 'argument': conversion from 'int' to 'GLfloat', possible loss of data
C:\Users\PC\source\repos\A1-Iroanya-Firstinitial\A1-IROANYA-V-gas-simulation\A1-Iroanya-Firstinitial\Shapes.h(83,22): warning C4244: 'argument': conversion from 'int' to 'GLfloat', possible loss of data
C:\Users\PC\source\repos\A1-Iroanya-Firstinitial\A1-IROANYA-V-gas-simulation\A1-Iroanya-Firstinitial\Shapes.h(84,23): warning C4244: 'argument': conversion from 'int' to 'GLfloat', possible loss of data
C:\Users\PC\source\repos\A1-Iroanya-Firstinitial\A1-IROANYA-V-gas-simulation\A1-Iroanya-Firstinitial\Shapes.h(85,25): warning C4244: 'argument': conversion from 'int' to 'GLfloat', possible loss of data
C:\Users\PC\source\repos\A1-Iroanya-Firstinitial\A1-IROANYA-V-gas-simulation\A1-Iroanya-Firstinitial\Shapes.h(87,22): warning C4244: 'argument': conversion from 'int' to 'GLfloat', possible loss of data
C:\Users\PC\source\repos\A1-Iroanya-Firstinitial\A1-IROANYA-V-gas-simulation\A1-Iroanya-Firstinitial\Shapes.h(93,15): warning C4244: 'initializing': conversion from 'float' to 'int', possible loss of data
C:\Users\PC\source\repos\A1-Iroanya-Firstinitial\A1-IROANYA-V-gas-simulation\A1-Iroanya-Firstinitial\Shapes.h(98,29): warning C4244: 'argument': conversion from 'int' to 'GLfloat', possible loss of data
C:\Users\PC\source\repos\A1-Iroanya-Firstinitial\A1-IROANYA-V-gas-simulation\A1-Iroanya-Firstinitial\Shapes.h(98,22): warning C4244: 'argument': conversion from 'int' to 'GLfloat', possible loss of data
C:\Users\PC\source\repos\A1-Iroanya-Firstinitial\A1-IROANYA-V-gas-simulation\A1-Iroanya-Firstinitial\Shapes.h(99,27): warning C4244: 'argument': conversion from 'int' to 'GLfloat', possible loss of data
C:\Users\PC\source\repos\A1-Iroanya-Firstinitial\A1-IROANYA-V-gas-simulation\A1-Iroanya-Firstinitial\Shapes.h(99,22): warning C4244: 'argument': conversion from 'int' to 'GLfloat', possible loss of data
C:\Users\PC\source\repos\A1-Iroanya-Firstinitial\A1-IROANYA-V-gas-simulation\A1-Iroanya-Firstinitial\Shapes.h(100,20): warning C4244: 'argument': conversion from 'int' to 'GLfloat', possible loss of data
C:\Users\PC\source\repos\A1-Iroanya-Firstinitial\A1-IROANYA-V-gas-simulation\A1-Iroanya-Firstinitial\Shapes.h(101,35): warning C4244: 'argument': conversion from 'int' to 'GLfloat', possible loss of data
C:\Users\PC\source\repos\A1-Iroanya-Firstinitial\A1-IROANYA-V-gas-simulation\A1-Iroanya-Firstinitial\Shapes.h(101,23): warning C4244: 'argument': conversion from 'int' to 'GLfloat', possible loss of data
C:\Users\PC\source\repos\A1-Iroanya-Firstinitial\A1-IROANYA-V-gas-simulation\A1-Iroanya-Firstinitial\Shapes.h(102,23): warning C4244: 'argument': conversion from 'int' to 'GLfloat', possible loss of data
C:\Users\PC\source\repos\A1-Iroanya-Firstinitial\A1-IROANYA-V-gas-simulation\A1-Iroanya-Firstinitial\Shapes.h(102,20): warning C4244: 'argument': conversion from 'int' to 'GLfloat', possible loss of data
C:\Users\PC\source\repos\A1-Iroanya-Firstinitial\A1-IROANYA-V-gas-simulation\A1-Iroanya-Firstinitial\Shapes.h(103,29): warning C4244: 'argument': conversion from 'int' to 'GLfloat', possible loss of data
C:\Users\PC\source\repos\A1-Iroanya-Firstinitial\A1-IROANYA-V-gas-simulation\A1-Iroanya-Firstinitial\Shapes.h(103,22): warning C4244: 'argument': conversion from 'int' to 'GLfloat', possible loss of data
C:\Users\PC\source\repos\A1-Iroanya-Firstinitial\A1-IROANYA-V-gas-simulation\A1-Iroanya-Firstinitial\Shapes.h(104,23): warning C4244: 'argument': conversion from 'int' to 'GLfloat', possible loss of data
C:\Users\PC\source\repos\A1-Iroanya-Firstinitial\A1-IROANYA-V-gas-simulation\A1-Iroanya-Firstinitial\Shapes.h(105,32): warning C4244: 'argument': conversion from 'int' to 'GLfloat', possible loss of data
C:\Users\PC\source\repos\A1-Iroanya-Firstinitial\A1-IROANYA-V-gas-simulation\A1-Iroanya-Firstinitial\Shapes.h(105,20): warning C4244: 'argument': conversion from 'int' to 'GLfloat', possible loss of data
C:\Users\PC\source\repos\A1-Iroanya-Firstinitial\A1-IROANYA-V-gas-simulation\A1-Iroanya-Firstinitial\Shapes.h(107,27): warning C4244: 'argument': conversion from 'int' to 'GLfloat', possible loss of data
C:\Users\PC\source\repos\A1-Iroanya-Firstinitial\A1-IROANYA-V-gas-simulation\A1-Iroanya-Firstinitial\Shapes.h(107,22): warning C4244: 'argument': conversion from 'int' to 'GLfloat', possible loss of data
C:\Users\PC\source\repos\A1-Iroanya-Firstinitial\A1-IROANYA-V-gas-simulation\A1-Iroanya-Firstinitial\Shapes.h(114,15): warning C4244: 'initializing': conversion from 'float' to 'int', possible loss of data
C:\Users\PC\source\repos\A1-Iroanya-Firstinitial\A1-IROANYA-V-gas-simulation\A1-Iroanya-Firstinitial\Shapes.h(119,29): warning C4244: 'argument': conversion from 'int' to 'GLfloat', possible loss of data
C:\Users\PC\source\repos\A1-Iroanya-Firstinitial\A1-IROANYA-V-gas-simulation\A1-Iroanya-Firstinitial\Shapes.h(119,22): warning C4244: 'argument': conversion from 'int' to 'GLfloat', possible loss of data
C:\Users\PC\source\repos\A1-Iroanya-Firstinitial\A1-IROANYA-V-gas-simulation\A1-Iroanya-Firstinitial\Shapes.h(120,27): warning C4244: 'argument': conversion from 'int' to 'GLfloat', possible loss of data
C:\Users\PC\source\repos\A1-Iroanya-Firstinitial\A1-IROANYA-V-gas-simulation\A1-Iroanya-Firstinitial\Shapes.h(120,22): warning C4244: 'argument': conversion from 'int' to 'GLfloat', possible loss of data
C:\Users\PC\source\repos\A1-Iroanya-Firstinitial\A1-IROANYA-V-gas-simulation\A1-Iroanya-Firstinitial\Shapes.h(121,20): warning C4244: 'argument': conversion from 'int' to 'GLfloat', possible loss of data
C:\Users\PC\source\repos\A1-Iroanya-Firstinitial\A1-IROANYA-V-gas-simulation\A1-Iroanya-Firstinitial\Shapes.h(122,35): warning C4244: 'argument': conversion from 'int' to 'GLfloat', possible loss of data
C:\Users\PC\source\repos\A1-Iroanya-Firstinitial\A1-IROANYA-V-gas-simulation\A1-Iroanya-Firstinitial\Shapes.h(122,23): warning C4244: 'argument': conversion from 'int' to 'GLfloat', possible loss of data
C:\Users\PC\source\repos\A1-Iroanya-Firstinitial\A1-IROANYA-V-gas-simulation\A1-Iroanya-Firstinitial\Shapes.h(123,23): warning C4244: 'argument': conversion from 'int' to 'GLfloat', possible loss of data
C:\Users\PC\source\repos\A1-Iroanya-Firstinitial\A1-IROANYA-V-gas-simulation\A1-Iroanya-Firstinitial\Shapes.h(123,20): warning C4244: 'argument': conversion from 'int' to 'GLfloat', possible loss of data
C:\Users\PC\source\repos\A1-Iroanya-Firstinitial\A1-IROANYA-V-gas-simulation\A1-Iroanya-Firstinitial\Shapes.h(124,29): warning C4244: 'argument': conversion from 'int' to 'GLfloat', possible loss of data
C:\Users\PC\source\repos\A1-Iroanya-Firstinitial\A1-IROANYA-V-gas-simulation\A1-Iroanya-Firstinitial\Shapes.h(124,22): warning C4244: 'argument': conversion from 'int' to 'GLfloat', possible loss of data
C:\Users\PC\source\repos\A1-Iroanya-Firstinitial\A1-IROANYA-V-gas-simulation\A1-Iroanya-Firstinitial\Shapes.h(125,23): warning C4244: 'argument': conversion from 'int' to 'GLfloat', possible loss of data
C:\Users\PC\source\repos\A1-Iroanya-Firstinitial\A1-IROANYA-V-gas-simulation\A1-Iroanya-Firstinitial\Shapes.h(126,32): warning C4244: 'argument': conversion from 'int' to 'GLfloat', possible loss of data
C:\Users\PC\source\repos\A1-Iroanya-Firstinitial\A1-IROANYA-V-gas-simulation\A1-Iroanya-Firstinitial\Shapes.h(126,20): warning C4244: 'argument': conversion from 'int' to 'GLfloat', possible loss of data
C:\Users\PC\source\repos\A1-Iroanya-Firstinitial\A1-IROANYA-V-gas-simulation\A1-Iroanya-Firstinitial\Shapes.h(128,27): warning C4244: 'argument': conversion from 'int' to 'GLfloat', possible loss of data
C:\Users\PC\source\repos\A1-Iroanya-Firstinitial\A1-IROANYA-V-gas-simulation\A1-Iroanya-Firstinitial\Shapes.h(128,22): warning C4244: 'argument': conversion from 'int' to 'GLfloat', possible loss of data
C:\Users\PC\source\repos\A1-Iroanya-Firstinitial\A1-IROANYA-V-gas-simulation\A1-Iroanya-Firstinitial\Shapes.h(134,15): warning C4244: 'initializing': conversion from 'float' to 'int', possible loss of data
C:\Users\PC\source\repos\A1-Iroanya-Firstinitial\A1-IROANYA-V-gas-simulation\A1-Iroanya-Firstinitial\Shapes.h(139,29): warning C4244: 'argument': conversion from 'int' to 'GLfloat', possible loss of data
C:\Users\PC\source\repos\A1-Iroanya-Firstinitial\A1-IROANYA-V-gas-simulation\A1-Iroanya-Firstinitial\Shapes.h(139,22): warning C4244: 'argument': conversion from 'int' to 'GLfloat', possible loss of data
C:\Users\PC\source\repos\A1-Iroanya-Firstinitial\A1-IROANYA-V-gas-simulation\A1-Iroanya-Firstinitial\Shapes.h(140,27): warning C4244: 'argument': conversion from 'int' to 'GLfloat', possible loss of data
C:\Users\PC\source\repos\A1-Iroanya-Firstinitial\A1-IROANYA-V-gas-simulation\A1-Iroanya-Firstinitial\Shapes.h(140,22): warning C4244: 'argument': conversion from 'int' to 'GLfloat', possible loss of data
C:\Users\PC\source\repos\A1-Iroanya-Firstinitial\A1-IROANYA-V-gas-simulation\A1-Iroanya-Firstinitial\Shapes.h(141,20): warning C4244: 'argument': conversion from 'int' to 'GLfloat', possible loss of data
C:\Users\PC\source\repos\A1-Iroanya-Firstinitial\A1-IROANYA-V-gas-simulation\A1-Iroanya-Firstinitial\Shapes.h(142,31): warning C4244: 'argument': conversion from 'int' to 'GLfloat', possible loss of data
C:\Users\PC\source\repos\A1-Iroanya-Firstinitial\A1-IROANYA-V-gas-simulation\A1-Iroanya-Firstinitial\Shapes.h(142,23): warning C4244: 'argument': conversion from 'int' to 'GLfloat', possible loss of data
C:\Users\PC\source\repos\A1-Iroanya-Firstinitial\A1-IROANYA-V-gas-simulation\A1-Iroanya-Firstinitial\Shapes.h(143,23): warning C4244: 'argument': conversion from 'int' to 'GLfloat', possible loss of data
C:\Users\PC\source\repos\A1-Iroanya-Firstinitial\A1-IROANYA-V-gas-simulation\A1-Iroanya-Firstinitial\Shapes.h(143,20): warning C4244: 'argument': conversion from 'int' to 'GLfloat', possible loss of data
C:\Users\PC\source\repos\A1-Iroanya-Firstinitial\A1-IROANYA-V-gas-simulation\A1-Iroanya-Firstinitial\Shapes.h(144,29): warning C4244: 'argument': conversion from 'int' to 'GLfloat', possible loss of data
C:\Users\PC\source\repos\A1-Iroanya-Firstinitial\A1-IROANYA-V-gas-simulation\A1-Iroanya-Firstinitial\Shapes.h(144,22): warning C4244: 'argument': conversion from 'int' to 'GLfloat', possible loss of data
C:\Users\PC\source\repos\A1-Iroanya-Firstinitial\A1-IROANYA-V-gas-simulation\A1-Iroanya-Firstinitial\Shapes.h(145,23): warning C4244: 'argument': conversion from 'int' to 'GLfloat', possible loss of data
C:\Users\PC\source\repos\A1-Iroanya-Firstinitial\A1-IROANYA-V-gas-simulation\A1-Iroanya-Firstinitial\Shapes.h(146,28): warning C4244: 'argument': conversion from 'int' to 'GLfloat', possible loss of data
C:\Users\PC\source\repos\A1-Iroanya-Firstinitial\A1-IROANYA-V-gas-simulation\A1-Iroanya-Firstinitial\Shapes.h(146,20): warning C4244: 'argument': conversion from 'int' to 'GLfloat', possible loss of data
C:\Users\PC\source\repos\A1-Iroanya-Firstinitial\A1-IROANYA-V-gas-simulation\A1-Iroanya-Firstinitial\Shapes.h(148,27): warning C4244: 'argument': conversion from 'int' to 'GLfloat', possible loss of data
C:\Users\PC\source\repos\A1-Iroanya-Firstinitial\A1-IROANYA-V-gas-simulation\A1-Iroanya-Firstinitial\Shapes.h(148,22): warning C4244: 'argument': conversion from 'int' to 'GLfloat', possible loss of data
C:\Users\PC\source\repos\A1-Iroanya-Firstinitial\A1-IROANYA-V-gas-simulation\A1-Iroanya-Firstinitial\Utils.h(70,20): warning C4244: 'return': conversion from 'double' to 'float', possible loss of data
C:\Users\PC\source\repos\A1-Iroanya-Firstinitial\A1-IROANYA-V-gas-simulation\A1-Iroanya-Firstinitial\Gas.h(66,39): warning C4244: '=': conversion from 'double' to 'float', possible loss of data
C:\Users\PC\source\repos\A1-Iroanya-Firstinitial\A1-IROANYA-V-gas-simulation\A1-Iroanya-Firstinitial\Gas.h(67,49): warning C4244: '=': conversion from 'double' to 'float', possible loss of data
C:\Users\PC\source\repos\A1-Iroanya-Firstinitial\A1-IROANYA-V-gas-simulation\A1-Iroanya-Firstinitial\Gas.h(98,39): warning C4244: '=': conversion from 'double' to 'float', possible loss of data
C:\Users\PC\source\repos\A1-Iroanya-Firstinitial\A1-IROANYA-V-gas-simulation\A1-Iroanya-Firstinitial\Gas.h(99,49): warning C4244: '=': conversion from 'double' to 'float', possible loss of data
C:\Users\PC\source\repos\A1-Iroanya-Firstinitial\A1-IROANYA-V-gas-simulation\A1-Iroanya-Firstinitial\Gas.h(100,23): warning C4244: '=': conversion from 'double' to 'float', possible loss of data
C:\Users\PC\source\repos\A1-Iroanya-Firstinitial\A1-IROANYA-V-gas-simulation\A1-Iroanya-Firstinitial\Gas.h(101,29): warning C4244: '=': conversion from 'double' to 'float', possible loss of data
C:\Users\PC\source\repos\A1-Iroanya-Firstinitial\A1-IROANYA-V-gas-simulation\A1-Iroanya-Firstinitial\Gas.h(130,24): warning C4244: 'argument': conversion from 'int' to 'GLfloat', possible loss of data
C:\Users\PC\source\repos\A1-Iroanya-Firstinitial\A1-IROANYA-V-gas-simulation\A1-Iroanya-Firstinitial\Gas.h(130,16): warning C4244: 'argument': conversion from 'int' to 'GLfloat', possible loss of data
C:\Users\PC\source\repos\A1-Iroanya-Firstinitial\A1-IROANYA-V-gas-simulation\A1-Iroanya-Firstinitial\Gas.h(136,20): warning C4244: 'argument': conversion from 'int' to 'GLfloat', possible loss of data
C:\Users\PC\source\repos\A1-Iroanya-Firstinitial\A1-IROANYA-V-gas-simulation\A1-Iroanya-Firstinitial\Gas.h(136,16): warning C4244: 'argument': conversion from 'int' to 'GLfloat', possible loss of data
C:\Users\PC\source\repos\A1-Iroanya-Firstinitial\A1-IROANYA-V-gas-simulation\A1-Iroanya-Firstinitial\Game.h(23,13): warning C4244: 'argument': conversion from 'time_t' to 'unsigned int', possible loss of data
C:\Users\PC\source\repos\A1-Iroanya-Firstinitial\A1-IROANYA-V-gas-simulation\A1-Iroanya-Firstinitial\Game.h(37,21): warning C4018: '<': signed/unsigned mismatch
C:\Users\PC\source\repos\A1-Iroanya-Firstinitial\A1-IROANYA-V-gas-simulation\A1-Iroanya-Firstinitial\GameWindow.h(84,20): warning C4244: '=': conversion from 'double' to 'float', possible loss of data
C:\Users\PC\source\repos\A1-Iroanya-Firstinitial\A1-IROANYA-V-gas-simulation\A1-Iroanya-Firstinitial\GameWindow.h(85,11): warning C4244: '=': conversion from 'int' to 'float', possible loss of data
C:\Users\PC\source\repos\A1-Iroanya-Firstinitial\A1-IROANYA-V-gas-simulation\A1-Iroanya-Firstinitial\GameWindow.h(102,18): warning C4244: '=': conversion from 'int' to 'float', possible loss of data
C:\Users\PC\source\repos\A1-Iroanya-Firstinitial\A1-IROANYA-V-gas-simulation\A1-Iroanya-Firstinitial\Main.cpp(35,15): warning C4244: 'argument': conversion from 'time_t' to 'unsigned int', possible loss of data
  A1-Iroanya-Firstinitial.vcxproj -> C:\Users\PC\source\repos\A1-Iroanya-Firstinitial\A1-IROANYA-V-gas-simulation\Debug\A1-Iroanya-Firstinitial.exe
