  Main.cpp
C:\Users\PC\source\repos\A1-Iroanya-Firstinitial\A1-IROANYA-VI-sands\A1-Iroanya-Firstinitial\Shapes.h(53,26): warning C4244: 'argument': conversion from 'double' to 'GLint', possible loss of data
C:\Users\PC\source\repos\A1-Iroanya-Firstinitial\A1-IROANYA-VI-sands\A1-Iroanya-Firstinitial\Shapes.h(53,23): warning C4244: 'argument': conversion from 'double' to 'GLint', possible loss of data
C:\Users\PC\source\repos\A1-Iroanya-Firstinitial\A1-IROANYA-VI-sands\A1-Iroanya-Firstinitial\Shapes.h(59,1): warning C4305: '+=': truncation from 'double' to 'float'
C:\Users\PC\source\repos\A1-Iroanya-Firstinitial\A1-IROANYA-VI-sands\A1-Iroanya-Firstinitial\Shapes.h(65,15): warning C4244: 'initializing': conversion from 'float' to 'int', possible loss of data
C:\Users\PC\source\repos\A1-Iroanya-Firstinitial\A1-IROANYA-VI-sands\A1-Iroanya-Firstinitial\Shapes.h(68,29): warning C4244: 'argument': conversion from 'int' to 'GLfloat', possible loss of data
C:\Users\PC\source\repos\A1-Iroanya-Firstinitial\A1-IROANYA-VI-sands\A1-Iroanya-Firstinitial\Shapes.h(68,22): warning C4244: 'argument': conversion from 'int' to 'GLfloat', possible loss of data
C:\Users\PC\source\repos\A1-Iroanya-Firstinitial\A1-IROANYA-VI-sands\A1-Iroanya-Firstinitial\Shapes.h(69,29): warning C4244: 'argument': conversion from 'int' to 'GLfloat', possible loss of data
C:\Users\PC\source\repos\A1-Iroanya-Firstinitial\A1-IROANYA-VI-sands\A1-Iroanya-Firstinitial\Shapes.h(69,22): warning C4244: 'argument': conversion from 'int' to 'GLfloat', possible loss of data
C:\Users\PC\source\repos\A1-Iroanya-Firstinitial\A1-IROANYA-VI-sands\A1-Iroanya-Firstinitial\Shapes.h(70,20): warning C4244: 'argument': conversion from 'int' to 'GLfloat', possible loss of data
C:\Users\PC\source\repos\A1-Iroanya-Firstinitial\A1-IROANYA-VI-sands\A1-Iroanya-Firstinitial\Shapes.h(71,33): warning C4244: 'argument': conversion from 'int' to 'GLfloat', possible loss of data
C:\Users\PC\source\repos\A1-Iroanya-Firstinitial\A1-IROANYA-VI-sands\A1-Iroanya-Firstinitial\Shapes.h(71,22): warning C4244: 'argument': conversion from 'int' to 'GLfloat', possible loss of data
C:\Users\PC\source\repos\A1-Iroanya-Firstinitial\A1-IROANYA-VI-sands\A1-Iroanya-Firstinitial\Shapes.h(72,23): warning C4244: 'argument': conversion from 'int' to 'GLfloat', possible loss of data
C:\Users\PC\source\repos\A1-Iroanya-Firstinitial\A1-IROANYA-VI-sands\A1-Iroanya-Firstinitial\Shapes.h(72,20): warning C4244: 'argument': conversion from 'int' to 'GLfloat', possible loss of data
C:\Users\PC\source\repos\A1-Iroanya-Firstinitial\A1-IROANYA-VI-sands\A1-Iroanya-Firstinitial\Shapes.h(73,29): warning C4244: 'argument': conversion from 'int' to 'GLfloat', possible loss of data
C:\Users\PC\source\repos\A1-Iroanya-Firstinitial\A1-IROANYA-VI-sands\A1-Iroanya-Firstinitial\Shapes.h(73,22): warning C4244: 'argument': conversion from 'int' to 'GLfloat', possible loss of data
C:\Users\PC\source\repos\A1-Iroanya-Firstinitial\A1-IROANYA-VI-sands\A1-Iroanya-Firstinitial\Shapes.h(74,23): warning C4244: 'argument': conversion from 'int' to 'GLfloat', possible loss of data
C:\Users\PC\source\repos\A1-Iroanya-Firstinitial\A1-IROANYA-VI-sands\A1-Iroanya-Firstinitial\Shapes.h(75,29): warning C4244: 'argument': conversion from 'int' to 'GLfloat', possible loss of data
C:\Users\PC\source\repos\A1-Iroanya-Firstinitial\A1-IROANYA-VI-sands\A1-Iroanya-Firstinitial\Shapes.h(75,22): warning C4244: 'argument': conversion from 'int' to 'GLfloat', possible loss of data
C:\Users\PC\source\repos\A1-Iroanya-Firstinitial\A1-IROANYA-VI-sands\A1-Iroanya-Firstinitial\Shapes.h(77,29): warning C4244: 'argument': conversion from 'int' to 'GLfloat', possible loss of data
C:\Users\PC\source\repos\A1-Iroanya-Firstinitial\A1-IROANYA-VI-sands\A1-Iroanya-Firstinitial\Shapes.h(77,22): warning C4244: 'argument': conversion from 'int' to 'GLfloat', possible loss of data
C:\Users\PC\source\repos\A1-Iroanya-Firstinitial\A1-IROANYA-VI-sands\A1-Iroanya-Firstinitial\Shapes.h(84,15): warning C4244: 'initializing': conversion from 'float' to 'int', possible loss of data
C:\Users\PC\source\repos\A1-Iroanya-Firstinitial\A1-IROANYA-VI-sands\A1-Iroanya-Firstinitial\Shapes.h(90,26): warning C4244: 'argument': conversion from 'int' to 'GLfloat', possible loss of data
C:\Users\PC\source\repos\A1-Iroanya-Firstinitial\A1-IROANYA-VI-sands\A1-Iroanya-Firstinitial\Shapes.h(90,21): warning C4244: 'argument': conversion from 'int' to 'GLfloat', possible loss of data
C:\Users\PC\source\repos\A1-Iroanya-Firstinitial\A1-IROANYA-VI-sands\A1-Iroanya-Firstinitial\Shapes.h(91,26): warning C4244: 'argument': conversion from 'int' to 'GLfloat', possible loss of data
C:\Users\PC\source\repos\A1-Iroanya-Firstinitial\A1-IROANYA-VI-sands\A1-Iroanya-Firstinitial\Shapes.h(91,21): warning C4244: 'argument': conversion from 'int' to 'GLfloat', possible loss of data
C:\Users\PC\source\repos\A1-Iroanya-Firstinitial\A1-IROANYA-VI-sands\A1-Iroanya-Firstinitial\Shapes.h(92,20): warning C4244: 'argument': conversion from 'int' to 'GLfloat', possible loss of data
C:\Users\PC\source\repos\A1-Iroanya-Firstinitial\A1-IROANYA-VI-sands\A1-Iroanya-Firstinitial\Shapes.h(93,30): warning C4244: 'argument': conversion from 'int' to 'GLfloat', possible loss of data
C:\Users\PC\source\repos\A1-Iroanya-Firstinitial\A1-IROANYA-VI-sands\A1-Iroanya-Firstinitial\Shapes.h(93,22): warning C4244: 'argument': conversion from 'int' to 'GLfloat', possible loss of data
C:\Users\PC\source\repos\A1-Iroanya-Firstinitial\A1-IROANYA-VI-sands\A1-Iroanya-Firstinitial\Shapes.h(94,22): warning C4244: 'argument': conversion from 'int' to 'GLfloat', possible loss of data
C:\Users\PC\source\repos\A1-Iroanya-Firstinitial\A1-IROANYA-VI-sands\A1-Iroanya-Firstinitial\Shapes.h(94,20): warning C4244: 'argument': conversion from 'int' to 'GLfloat', possible loss of data
C:\Users\PC\source\repos\A1-Iroanya-Firstinitial\A1-IROANYA-VI-sands\A1-Iroanya-Firstinitial\Shapes.h(95,25): warning C4244: 'argument': conversion from 'int' to 'GLfloat', possible loss of data
C:\Users\PC\source\repos\A1-Iroanya-Firstinitial\A1-IROANYA-VI-sands\A1-Iroanya-Firstinitial\Shapes.h(95,21): warning C4244: 'argument': conversion from 'int' to 'GLfloat', possible loss of data
C:\Users\PC\source\repos\A1-Iroanya-Firstinitial\A1-IROANYA-VI-sands\A1-Iroanya-Firstinitial\Shapes.h(96,22): warning C4244: 'argument': conversion from 'int' to 'GLfloat', possible loss of data
C:\Users\PC\source\repos\A1-Iroanya-Firstinitial\A1-IROANYA-VI-sands\A1-Iroanya-Firstinitial\Shapes.h(97,25): warning C4244: 'argument': conversion from 'int' to 'GLfloat', possible loss of data
C:\Users\PC\source\repos\A1-Iroanya-Firstinitial\A1-IROANYA-VI-sands\A1-Iroanya-Firstinitial\Shapes.h(97,21): warning C4244: 'argument': conversion from 'int' to 'GLfloat', possible loss of data
C:\Users\PC\source\repos\A1-Iroanya-Firstinitial\A1-IROANYA-VI-sands\A1-Iroanya-Firstinitial\Shapes.h(99,29): warning C4244: 'argument': conversion from 'int' to 'GLfloat', possible loss of data
C:\Users\PC\source\repos\A1-Iroanya-Firstinitial\A1-IROANYA-VI-sands\A1-Iroanya-Firstinitial\Shapes.h(99,22): warning C4244: 'argument': conversion from 'int' to 'GLfloat', possible loss of data
C:\Users\PC\source\repos\A1-Iroanya-Firstinitial\A1-IROANYA-VI-sands\A1-Iroanya-Firstinitial\Shapes.h(105,15): warning C4244: 'initializing': conversion from 'float' to 'int', possible loss of data
C:\Users\PC\source\repos\A1-Iroanya-Firstinitial\A1-IROANYA-VI-sands\A1-Iroanya-Firstinitial\Shapes.h(110,29): warning C4244: 'argument': conversion from 'int' to 'GLfloat', possible loss of data
C:\Users\PC\source\repos\A1-Iroanya-Firstinitial\A1-IROANYA-VI-sands\A1-Iroanya-Firstinitial\Shapes.h(110,22): warning C4244: 'argument': conversion from 'int' to 'GLfloat', possible loss of data
C:\Users\PC\source\repos\A1-Iroanya-Firstinitial\A1-IROANYA-VI-sands\A1-Iroanya-Firstinitial\Shapes.h(111,22): warning C4244: 'argument': conversion from 'int' to 'GLfloat', possible loss of data
C:\Users\PC\source\repos\A1-Iroanya-Firstinitial\A1-IROANYA-VI-sands\A1-Iroanya-Firstinitial\Shapes.h(112,20): warning C4244: 'argument': conversion from 'int' to 'GLfloat', possible loss of data
C:\Users\PC\source\repos\A1-Iroanya-Firstinitial\A1-IROANYA-VI-sands\A1-Iroanya-Firstinitial\Shapes.h(113,25): warning C4244: 'argument': conversion from 'int' to 'GLfloat', possible loss of data
C:\Users\PC\source\repos\A1-Iroanya-Firstinitial\A1-IROANYA-VI-sands\A1-Iroanya-Firstinitial\Shapes.h(113,20): warning C4244: 'argument': conversion from 'int' to 'GLfloat', possible loss of data
C:\Users\PC\source\repos\A1-Iroanya-Firstinitial\A1-IROANYA-VI-sands\A1-Iroanya-Firstinitial\Shapes.h(114,23): warning C4244: 'argument': conversion from 'int' to 'GLfloat', possible loss of data
C:\Users\PC\source\repos\A1-Iroanya-Firstinitial\A1-IROANYA-VI-sands\A1-Iroanya-Firstinitial\Shapes.h(114,20): warning C4244: 'argument': conversion from 'int' to 'GLfloat', possible loss of data
C:\Users\PC\source\repos\A1-Iroanya-Firstinitial\A1-IROANYA-VI-sands\A1-Iroanya-Firstinitial\Shapes.h(115,27): warning C4244: 'argument': conversion from 'int' to 'GLfloat', possible loss of data
C:\Users\PC\source\repos\A1-Iroanya-Firstinitial\A1-IROANYA-VI-sands\A1-Iroanya-Firstinitial\Shapes.h(115,22): warning C4244: 'argument': conversion from 'int' to 'GLfloat', possible loss of data
C:\Users\PC\source\repos\A1-Iroanya-Firstinitial\A1-IROANYA-VI-sands\A1-Iroanya-Firstinitial\Shapes.h(116,23): warning C4244: 'argument': conversion from 'int' to 'GLfloat', possible loss of data
C:\Users\PC\source\repos\A1-Iroanya-Firstinitial\A1-IROANYA-VI-sands\A1-Iroanya-Firstinitial\Shapes.h(117,25): warning C4244: 'argument': conversion from 'int' to 'GLfloat', possible loss of data
C:\Users\PC\source\repos\A1-Iroanya-Firstinitial\A1-IROANYA-VI-sands\A1-Iroanya-Firstinitial\Shapes.h(119,22): warning C4244: 'argument': conversion from 'int' to 'GLfloat', possible loss of data
C:\Users\PC\source\repos\A1-Iroanya-Firstinitial\A1-IROANYA-VI-sands\A1-Iroanya-Firstinitial\Shapes.h(125,15): warning C4244: 'initializing': conversion from 'float' to 'int', possible loss of data
C:\Users\PC\source\repos\A1-Iroanya-Firstinitial\A1-IROANYA-VI-sands\A1-Iroanya-Firstinitial\Shapes.h(130,29): warning C4244: 'argument': conversion from 'int' to 'GLfloat', possible loss of data
C:\Users\PC\source\repos\A1-Iroanya-Firstinitial\A1-IROANYA-VI-sands\A1-Iroanya-Firstinitial\Shapes.h(130,22): warning C4244: 'argument': conversion from 'int' to 'GLfloat', possible loss of data
C:\Users\PC\source\repos\A1-Iroanya-Firstinitial\A1-IROANYA-VI-sands\A1-Iroanya-Firstinitial\Shapes.h(131,27): warning C4244: 'argument': conversion from 'int' to 'GLfloat', possible loss of data
C:\Users\PC\source\repos\A1-Iroanya-Firstinitial\A1-IROANYA-VI-sands\A1-Iroanya-Firstinitial\Shapes.h(131,22): warning C4244: 'argument': conversion from 'int' to 'GLfloat', possible loss of data
C:\Users\PC\source\repos\A1-Iroanya-Firstinitial\A1-IROANYA-VI-sands\A1-Iroanya-Firstinitial\Shapes.h(132,20): warning C4244: 'argument': conversion from 'int' to 'GLfloat', possible loss of data
C:\Users\PC\source\repos\A1-Iroanya-Firstinitial\A1-IROANYA-VI-sands\A1-Iroanya-Firstinitial\Shapes.h(133,35): warning C4244: 'argument': conversion from 'int' to 'GLfloat', possible loss of data
C:\Users\PC\source\repos\A1-Iroanya-Firstinitial\A1-IROANYA-VI-sands\A1-Iroanya-Firstinitial\Shapes.h(133,23): warning C4244: 'argument': conversion from 'int' to 'GLfloat', possible loss of data
C:\Users\PC\source\repos\A1-Iroanya-Firstinitial\A1-IROANYA-VI-sands\A1-Iroanya-Firstinitial\Shapes.h(134,23): warning C4244: 'argument': conversion from 'int' to 'GLfloat', possible loss of data
C:\Users\PC\source\repos\A1-Iroanya-Firstinitial\A1-IROANYA-VI-sands\A1-Iroanya-Firstinitial\Shapes.h(134,20): warning C4244: 'argument': conversion from 'int' to 'GLfloat', possible loss of data
C:\Users\PC\source\repos\A1-Iroanya-Firstinitial\A1-IROANYA-VI-sands\A1-Iroanya-Firstinitial\Shapes.h(135,29): warning C4244: 'argument': conversion from 'int' to 'GLfloat', possible loss of data
C:\Users\PC\source\repos\A1-Iroanya-Firstinitial\A1-IROANYA-VI-sands\A1-Iroanya-Firstinitial\Shapes.h(135,22): warning C4244: 'argument': conversion from 'int' to 'GLfloat', possible loss of data
C:\Users\PC\source\repos\A1-Iroanya-Firstinitial\A1-IROANYA-VI-sands\A1-Iroanya-Firstinitial\Shapes.h(136,23): warning C4244: 'argument': conversion from 'int' to 'GLfloat', possible loss of data
C:\Users\PC\source\repos\A1-Iroanya-Firstinitial\A1-IROANYA-VI-sands\A1-Iroanya-Firstinitial\Shapes.h(137,32): warning C4244: 'argument': conversion from 'int' to 'GLfloat', possible loss of data
C:\Users\PC\source\repos\A1-Iroanya-Firstinitial\A1-IROANYA-VI-sands\A1-Iroanya-Firstinitial\Shapes.h(137,20): warning C4244: 'argument': conversion from 'int' to 'GLfloat', possible loss of data
C:\Users\PC\source\repos\A1-Iroanya-Firstinitial\A1-IROANYA-VI-sands\A1-Iroanya-Firstinitial\Shapes.h(139,27): warning C4244: 'argument': conversion from 'int' to 'GLfloat', possible loss of data
C:\Users\PC\source\repos\A1-Iroanya-Firstinitial\A1-IROANYA-VI-sands\A1-Iroanya-Firstinitial\Shapes.h(139,22): warning C4244: 'argument': conversion from 'int' to 'GLfloat', possible loss of data
C:\Users\PC\source\repos\A1-Iroanya-Firstinitial\A1-IROANYA-VI-sands\A1-Iroanya-Firstinitial\Shapes.h(146,15): warning C4244: 'initializing': conversion from 'float' to 'int', possible loss of data
C:\Users\PC\source\repos\A1-Iroanya-Firstinitial\A1-IROANYA-VI-sands\A1-Iroanya-Firstinitial\Shapes.h(151,29): warning C4244: 'argument': conversion from 'int' to 'GLfloat', possible loss of data
C:\Users\PC\source\repos\A1-Iroanya-Firstinitial\A1-IROANYA-VI-sands\A1-Iroanya-Firstinitial\Shapes.h(151,22): warning C4244: 'argument': conversion from 'int' to 'GLfloat', possible loss of data
C:\Users\PC\source\repos\A1-Iroanya-Firstinitial\A1-IROANYA-VI-sands\A1-Iroanya-Firstinitial\Shapes.h(152,27): warning C4244: 'argument': conversion from 'int' to 'GLfloat', possible loss of data
C:\Users\PC\source\repos\A1-Iroanya-Firstinitial\A1-IROANYA-VI-sands\A1-Iroanya-Firstinitial\Shapes.h(152,22): warning C4244: 'argument': conversion from 'int' to 'GLfloat', possible loss of data
C:\Users\PC\source\repos\A1-Iroanya-Firstinitial\A1-IROANYA-VI-sands\A1-Iroanya-Firstinitial\Shapes.h(153,20): warning C4244: 'argument': conversion from 'int' to 'GLfloat', possible loss of data
C:\Users\PC\source\repos\A1-Iroanya-Firstinitial\A1-IROANYA-VI-sands\A1-Iroanya-Firstinitial\Shapes.h(154,35): warning C4244: 'argument': conversion from 'int' to 'GLfloat', possible loss of data
C:\Users\PC\source\repos\A1-Iroanya-Firstinitial\A1-IROANYA-VI-sands\A1-Iroanya-Firstinitial\Shapes.h(154,23): warning C4244: 'argument': conversion from 'int' to 'GLfloat', possible loss of data
C:\Users\PC\source\repos\A1-Iroanya-Firstinitial\A1-IROANYA-VI-sands\A1-Iroanya-Firstinitial\Shapes.h(155,23): warning C4244: 'argument': conversion from 'int' to 'GLfloat', possible loss of data
C:\Users\PC\source\repos\A1-Iroanya-Firstinitial\A1-IROANYA-VI-sands\A1-Iroanya-Firstinitial\Shapes.h(155,20): warning C4244: 'argument': conversion from 'int' to 'GLfloat', possible loss of data
C:\Users\PC\source\repos\A1-Iroanya-Firstinitial\A1-IROANYA-VI-sands\A1-Iroanya-Firstinitial\Shapes.h(156,29): warning C4244: 'argument': conversion from 'int' to 'GLfloat', possible loss of data
C:\Users\PC\source\repos\A1-Iroanya-Firstinitial\A1-IROANYA-VI-sands\A1-Iroanya-Firstinitial\Shapes.h(156,22): warning C4244: 'argument': conversion from 'int' to 'GLfloat', possible loss of data
C:\Users\PC\source\repos\A1-Iroanya-Firstinitial\A1-IROANYA-VI-sands\A1-Iroanya-Firstinitial\Shapes.h(157,23): warning C4244: 'argument': conversion from 'int' to 'GLfloat', possible loss of data
C:\Users\PC\source\repos\A1-Iroanya-Firstinitial\A1-IROANYA-VI-sands\A1-Iroanya-Firstinitial\Shapes.h(158,32): warning C4244: 'argument': conversion from 'int' to 'GLfloat', possible loss of data
C:\Users\PC\source\repos\A1-Iroanya-Firstinitial\A1-IROANYA-VI-sands\A1-Iroanya-Firstinitial\Shapes.h(158,20): warning C4244: 'argument': conversion from 'int' to 'GLfloat', possible loss of data
C:\Users\PC\source\repos\A1-Iroanya-Firstinitial\A1-IROANYA-VI-sands\A1-Iroanya-Firstinitial\Shapes.h(160,27): warning C4244: 'argument': conversion from 'int' to 'GLfloat', possible loss of data
C:\Users\PC\source\repos\A1-Iroanya-Firstinitial\A1-IROANYA-VI-sands\A1-Iroanya-Firstinitial\Shapes.h(160,22): warning C4244: 'argument': conversion from 'int' to 'GLfloat', possible loss of data
C:\Users\PC\source\repos\A1-Iroanya-Firstinitial\A1-IROANYA-VI-sands\A1-Iroanya-Firstinitial\Shapes.h(166,15): warning C4244: 'initializing': conversion from 'float' to 'int', possible loss of data
C:\Users\PC\source\repos\A1-Iroanya-Firstinitial\A1-IROANYA-VI-sands\A1-Iroanya-Firstinitial\Shapes.h(171,29): warning C4244: 'argument': conversion from 'int' to 'GLfloat', possible loss of data
C:\Users\PC\source\repos\A1-Iroanya-Firstinitial\A1-IROANYA-VI-sands\A1-Iroanya-Firstinitial\Shapes.h(171,22): warning C4244: 'argument': conversion from 'int' to 'GLfloat', possible loss of data
C:\Users\PC\source\repos\A1-Iroanya-Firstinitial\A1-IROANYA-VI-sands\A1-Iroanya-Firstinitial\Shapes.h(172,27): warning C4244: 'argument': conversion from 'int' to 'GLfloat', possible loss of data
C:\Users\PC\source\repos\A1-Iroanya-Firstinitial\A1-IROANYA-VI-sands\A1-Iroanya-Firstinitial\Shapes.h(172,22): warning C4244: 'argument': conversion from 'int' to 'GLfloat', possible loss of data
C:\Users\PC\source\repos\A1-Iroanya-Firstinitial\A1-IROANYA-VI-sands\A1-Iroanya-Firstinitial\Shapes.h(173,20): warning C4244: 'argument': conversion from 'int' to 'GLfloat', possible loss of data
C:\Users\PC\source\repos\A1-Iroanya-Firstinitial\A1-IROANYA-VI-sands\A1-Iroanya-Firstinitial\Shapes.h(174,31): warning C4244: 'argument': conversion from 'int' to 'GLfloat', possible loss of data
C:\Users\PC\source\repos\A1-Iroanya-Firstinitial\A1-IROANYA-VI-sands\A1-Iroanya-Firstinitial\Shapes.h(174,23): warning C4244: 'argument': conversion from 'int' to 'GLfloat', possible loss of data
C:\Users\PC\source\repos\A1-Iroanya-Firstinitial\A1-IROANYA-VI-sands\A1-Iroanya-Firstinitial\Shapes.h(175,23): warning C4244: 'argument': conversion from 'int' to 'GLfloat', possible loss of data
C:\Users\PC\source\repos\A1-Iroanya-Firstinitial\A1-IROANYA-VI-sands\A1-Iroanya-Firstinitial\Shapes.h(175,20): warning C4244: 'argument': conversion from 'int' to 'GLfloat', possible loss of data
C:\Users\PC\source\repos\A1-Iroanya-Firstinitial\A1-IROANYA-VI-sands\A1-Iroanya-Firstinitial\Shapes.h(176,29): warning C4244: 'argument': conversion from 'int' to 'GLfloat', possible loss of data
C:\Users\PC\source\repos\A1-Iroanya-Firstinitial\A1-IROANYA-VI-sands\A1-Iroanya-Firstinitial\Shapes.h(176,22): warning C4244: 'argument': conversion from 'int' to 'GLfloat', possible loss of data
C:\Users\PC\source\repos\A1-Iroanya-Firstinitial\A1-IROANYA-VI-sands\A1-Iroanya-Firstinitial\Shapes.h(177,23): warning C4244: 'argument': conversion from 'int' to 'GLfloat', possible loss of data
C:\Users\PC\source\repos\A1-Iroanya-Firstinitial\A1-IROANYA-VI-sands\A1-Iroanya-Firstinitial\Shapes.h(178,28): warning C4244: 'argument': conversion from 'int' to 'GLfloat', possible loss of data
C:\Users\PC\source\repos\A1-Iroanya-Firstinitial\A1-IROANYA-VI-sands\A1-Iroanya-Firstinitial\Shapes.h(178,20): warning C4244: 'argument': conversion from 'int' to 'GLfloat', possible loss of data
C:\Users\PC\source\repos\A1-Iroanya-Firstinitial\A1-IROANYA-VI-sands\A1-Iroanya-Firstinitial\Shapes.h(180,27): warning C4244: 'argument': conversion from 'int' to 'GLfloat', possible loss of data
C:\Users\PC\source\repos\A1-Iroanya-Firstinitial\A1-IROANYA-VI-sands\A1-Iroanya-Firstinitial\Shapes.h(180,22): warning C4244: 'argument': conversion from 'int' to 'GLfloat', possible loss of data
C:\Users\PC\source\repos\A1-Iroanya-Firstinitial\A1-IROANYA-VI-sands\A1-Iroanya-Firstinitial\Utils.h(78,20): warning C4244: 'return': conversion from 'double' to 'float', possible loss of data
C:\Users\PC\source\repos\A1-Iroanya-Firstinitial\A1-IROANYA-VI-sands\A1-Iroanya-Firstinitial\Game.h(70,37): warning C4244: 'argument': conversion from 'int' to 'float', possible loss of data
C:\Users\PC\source\repos\A1-Iroanya-Firstinitial\A1-IROANYA-VI-sands\A1-Iroanya-Firstinitial\Game.h(70,33): warning C4244: 'argument': conversion from 'int' to 'float', possible loss of data
C:\Users\PC\source\repos\A1-Iroanya-Firstinitial\A1-IROANYA-VI-sands\A1-Iroanya-Firstinitial\Game.h(70,29): warning C4244: 'argument': conversion from 'int' to 'float', possible loss of data
C:\Users\PC\source\repos\A1-Iroanya-Firstinitial\A1-IROANYA-VI-sands\A1-Iroanya-Firstinitial\Game.h(71,37): warning C4244: 'argument': conversion from 'int' to 'float', possible loss of data
C:\Users\PC\source\repos\A1-Iroanya-Firstinitial\A1-IROANYA-VI-sands\A1-Iroanya-Firstinitial\Game.h(71,33): warning C4244: 'argument': conversion from 'int' to 'float', possible loss of data
C:\Users\PC\source\repos\A1-Iroanya-Firstinitial\A1-IROANYA-VI-sands\A1-Iroanya-Firstinitial\Game.h(71,29): warning C4244: 'argument': conversion from 'int' to 'float', possible loss of data
C:\Users\PC\source\repos\A1-Iroanya-Firstinitial\A1-IROANYA-VI-sands\A1-Iroanya-Firstinitial\Game.h(72,37): warning C4244: 'argument': conversion from 'int' to 'float', possible loss of data
C:\Users\PC\source\repos\A1-Iroanya-Firstinitial\A1-IROANYA-VI-sands\A1-Iroanya-Firstinitial\Game.h(72,33): warning C4244: 'argument': conversion from 'int' to 'float', possible loss of data
C:\Users\PC\source\repos\A1-Iroanya-Firstinitial\A1-IROANYA-VI-sands\A1-Iroanya-Firstinitial\Game.h(72,29): warning C4244: 'argument': conversion from 'int' to 'float', possible loss of data
C:\Users\PC\source\repos\A1-Iroanya-Firstinitial\A1-IROANYA-VI-sands\A1-Iroanya-Firstinitial\Game.h(73,37): warning C4244: 'argument': conversion from 'int' to 'float', possible loss of data
C:\Users\PC\source\repos\A1-Iroanya-Firstinitial\A1-IROANYA-VI-sands\A1-Iroanya-Firstinitial\Game.h(73,33): warning C4244: 'argument': conversion from 'int' to 'float', possible loss of data
C:\Users\PC\source\repos\A1-Iroanya-Firstinitial\A1-IROANYA-VI-sands\A1-Iroanya-Firstinitial\Game.h(73,29): warning C4244: 'argument': conversion from 'int' to 'float', possible loss of data
C:\Users\PC\source\repos\A1-Iroanya-Firstinitial\A1-IROANYA-VI-sands\A1-Iroanya-Firstinitial\Game.h(132,21): warning C4018: '<': signed/unsigned mismatch
C:\Users\PC\source\repos\A1-Iroanya-Firstinitial\A1-IROANYA-VI-sands\A1-Iroanya-Firstinitial\Game.h(161,25): warning C4244: 'argument': conversion from 'int' to 'float', possible loss of data
C:\Users\PC\source\repos\A1-Iroanya-Firstinitial\A1-IROANYA-VI-sands\A1-Iroanya-Firstinitial\Game.h(161,22): warning C4244: 'argument': conversion from 'int' to 'float', possible loss of data
C:\Users\PC\source\repos\A1-Iroanya-Firstinitial\A1-IROANYA-VI-sands\A1-Iroanya-Firstinitial\Game.h(162,25): warning C4244: 'argument': conversion from 'int' to 'float', possible loss of data
C:\Users\PC\source\repos\A1-Iroanya-Firstinitial\A1-IROANYA-VI-sands\A1-Iroanya-Firstinitial\Game.h(162,22): warning C4244: 'argument': conversion from 'int' to 'float', possible loss of data
C:\Users\PC\source\repos\A1-Iroanya-Firstinitial\A1-IROANYA-VI-sands\A1-Iroanya-Firstinitial\Game.h(163,25): warning C4244: 'argument': conversion from 'int' to 'float', possible loss of data
C:\Users\PC\source\repos\A1-Iroanya-Firstinitial\A1-IROANYA-VI-sands\A1-Iroanya-Firstinitial\Game.h(163,22): warning C4244: 'argument': conversion from 'int' to 'float', possible loss of data
C:\Users\PC\source\repos\A1-Iroanya-Firstinitial\A1-IROANYA-VI-sands\A1-Iroanya-Firstinitial\Game.h(164,25): warning C4244: 'argument': conversion from 'int' to 'float', possible loss of data
C:\Users\PC\source\repos\A1-Iroanya-Firstinitial\A1-IROANYA-VI-sands\A1-Iroanya-Firstinitial\Game.h(164,22): warning C4244: 'argument': conversion from 'int' to 'float', possible loss of data
C:\Users\PC\source\repos\A1-Iroanya-Firstinitial\A1-IROANYA-VI-sands\A1-Iroanya-Firstinitial\Game.h(169,25): warning C4244: 'argument': conversion from 'int' to 'float', possible loss of data
C:\Users\PC\source\repos\A1-Iroanya-Firstinitial\A1-IROANYA-VI-sands\A1-Iroanya-Firstinitial\Game.h(169,22): warning C4244: 'argument': conversion from 'int' to 'float', possible loss of data
C:\Users\PC\source\repos\A1-Iroanya-Firstinitial\A1-IROANYA-VI-sands\A1-Iroanya-Firstinitial\Game.h(170,25): warning C4244: 'argument': conversion from 'int' to 'float', possible loss of data
C:\Users\PC\source\repos\A1-Iroanya-Firstinitial\A1-IROANYA-VI-sands\A1-Iroanya-Firstinitial\Game.h(170,22): warning C4244: 'argument': conversion from 'int' to 'float', possible loss of data
C:\Users\PC\source\repos\A1-Iroanya-Firstinitial\A1-IROANYA-VI-sands\A1-Iroanya-Firstinitial\Game.h(171,25): warning C4244: 'argument': conversion from 'int' to 'float', possible loss of data
C:\Users\PC\source\repos\A1-Iroanya-Firstinitial\A1-IROANYA-VI-sands\A1-Iroanya-Firstinitial\Game.h(171,22): warning C4244: 'argument': conversion from 'int' to 'float', possible loss of data
C:\Users\PC\source\repos\A1-Iroanya-Firstinitial\A1-IROANYA-VI-sands\A1-Iroanya-Firstinitial\Game.h(172,25): warning C4244: 'argument': conversion from 'int' to 'float', possible loss of data
C:\Users\PC\source\repos\A1-Iroanya-Firstinitial\A1-IROANYA-VI-sands\A1-Iroanya-Firstinitial\Game.h(172,22): warning C4244: 'argument': conversion from 'int' to 'float', possible loss of data
C:\Users\PC\source\repos\A1-Iroanya-Firstinitial\A1-IROANYA-VI-sands\A1-Iroanya-Firstinitial\Game.h(178,25): warning C4244: 'argument': conversion from 'int' to 'float', possible loss of data
C:\Users\PC\source\repos\A1-Iroanya-Firstinitial\A1-IROANYA-VI-sands\A1-Iroanya-Firstinitial\Game.h(178,22): warning C4244: 'argument': conversion from 'int' to 'float', possible loss of data
C:\Users\PC\source\repos\A1-Iroanya-Firstinitial\A1-IROANYA-VI-sands\A1-Iroanya-Firstinitial\Game.h(179,25): warning C4244: 'argument': conversion from 'int' to 'float', possible loss of data
C:\Users\PC\source\repos\A1-Iroanya-Firstinitial\A1-IROANYA-VI-sands\A1-Iroanya-Firstinitial\Game.h(179,22): warning C4244: 'argument': conversion from 'int' to 'float', possible loss of data
C:\Users\PC\source\repos\A1-Iroanya-Firstinitial\A1-IROANYA-VI-sands\A1-Iroanya-Firstinitial\Game.h(180,25): warning C4244: 'argument': conversion from 'int' to 'float', possible loss of data
C:\Users\PC\source\repos\A1-Iroanya-Firstinitial\A1-IROANYA-VI-sands\A1-Iroanya-Firstinitial\Game.h(180,22): warning C4244: 'argument': conversion from 'int' to 'float', possible loss of data
C:\Users\PC\source\repos\A1-Iroanya-Firstinitial\A1-IROANYA-VI-sands\A1-Iroanya-Firstinitial\Game.h(181,25): warning C4244: 'argument': conversion from 'int' to 'float', possible loss of data
C:\Users\PC\source\repos\A1-Iroanya-Firstinitial\A1-IROANYA-VI-sands\A1-Iroanya-Firstinitial\Game.h(181,22): warning C4244: 'argument': conversion from 'int' to 'float', possible loss of data
C:\Users\PC\source\repos\A1-Iroanya-Firstinitial\A1-IROANYA-VI-sands\A1-Iroanya-Firstinitial\Game.h(188,12): warning C4244: '=': conversion from 'float' to 'int', possible loss of data
C:\Users\PC\source\repos\A1-Iroanya-Firstinitial\A1-IROANYA-VI-sands\A1-Iroanya-Firstinitial\Game.h(191,12): warning C4244: '=': conversion from 'float' to 'int', possible loss of data
C:\Users\PC\source\repos\A1-Iroanya-Firstinitial\A1-IROANYA-VI-sands\A1-Iroanya-Firstinitial\Game.h(194,12): warning C4244: '=': conversion from 'float' to 'int', possible loss of data
C:\Users\PC\source\repos\A1-Iroanya-Firstinitial\A1-IROANYA-VI-sands\A1-Iroanya-Firstinitial\Game.h(197,12): warning C4244: '=': conversion from 'float' to 'int', possible loss of data
C:\Users\PC\source\repos\A1-Iroanya-Firstinitial\A1-IROANYA-VI-sands\A1-Iroanya-Firstinitial\GameWindow.h(65,1): warning C4305: 'initializing': truncation from 'double' to 'GLfloat'
C:\Users\PC\source\repos\A1-Iroanya-Firstinitial\A1-IROANYA-VI-sands\A1-Iroanya-Firstinitial\GameWindow.h(66,1): warning C4305: 'initializing': truncation from 'double' to 'GLfloat'
C:\Users\PC\source\repos\A1-Iroanya-Firstinitial\A1-IROANYA-VI-sands\A1-Iroanya-Firstinitial\GameWindow.h(163,50): warning C4244: '=': conversion from 'double' to 'int', possible loss of data
C:\Users\PC\source\repos\A1-Iroanya-Firstinitial\A1-IROANYA-VI-sands\A1-Iroanya-Firstinitial\GameWindow.h(243,20): warning C4244: '=': conversion from 'double' to 'float', possible loss of data
C:\Users\PC\source\repos\A1-Iroanya-Firstinitial\A1-IROANYA-VI-sands\A1-Iroanya-Firstinitial\GameWindow.h(244,11): warning C4244: '=': conversion from 'int' to 'float', possible loss of data
C:\Users\PC\source\repos\A1-Iroanya-Firstinitial\A1-IROANYA-VI-sands\A1-Iroanya-Firstinitial\GameWindow.h(302,18): warning C4244: '=': conversion from 'int' to 'float', possible loss of data
C:\Users\PC\source\repos\A1-Iroanya-Firstinitial\A1-IROANYA-VI-sands\A1-Iroanya-Firstinitial\Main.cpp(37,15): warning C4244: 'argument': conversion from 'time_t' to 'unsigned int', possible loss of data
  A1-Iroanya-Firstinitial.vcxproj -> C:\Users\PC\source\repos\A1-Iroanya-Firstinitial\A1-IROANYA-VI-sands\Debug\A1-Iroanya-Firstinitial.exe
