  Main.cpp
C:\Users\PC\source\repos\A1-Iroanya-Firstinitial\A1-IROANYA-III-EaseInOut\A1-Iroanya-Firstinitial\Shapes.h(33,26): warning C4244: 'argument': conversion from 'double' to 'GLint', possible loss of data
C:\Users\PC\source\repos\A1-Iroanya-Firstinitial\A1-IROANYA-III-EaseInOut\A1-Iroanya-Firstinitial\Shapes.h(33,23): warning C4244: 'argument': conversion from 'double' to 'GLint', possible loss of data
C:\Users\PC\source\repos\A1-Iroanya-Firstinitial\A1-IROANYA-III-EaseInOut\A1-Iroanya-Firstinitial\Shapes.h(39,1): warning C4305: '+=': truncation from 'double' to 'float'
C:\Users\PC\source\repos\A1-Iroanya-Firstinitial\A1-IROANYA-III-EaseInOut\A1-Iroanya-Firstinitial\Shapes.h(45,15): warning C4244: 'initializing': conversion from 'float' to 'int', possible loss of data
C:\Users\PC\source\repos\A1-Iroanya-Firstinitial\A1-IROANYA-III-EaseInOut\A1-Iroanya-Firstinitial\Shapes.h(48,29): warning C4244: 'argument': conversion from 'int' to 'GLfloat', possible loss of data
C:\Users\PC\source\repos\A1-Iroanya-Firstinitial\A1-IROANYA-III-EaseInOut\A1-Iroanya-Firstinitial\Shapes.h(48,22): warning C4244: 'argument': conversion from 'int' to 'GLfloat', possible loss of data
C:\Users\PC\source\repos\A1-Iroanya-Firstinitial\A1-IROANYA-III-EaseInOut\A1-Iroanya-Firstinitial\Shapes.h(49,29): warning C4244: 'argument': conversion from 'int' to 'GLfloat', possible loss of data
C:\Users\PC\source\repos\A1-Iroanya-Firstinitial\A1-IROANYA-III-EaseInOut\A1-Iroanya-Firstinitial\Shapes.h(49,22): warning C4244: 'argument': conversion from 'int' to 'GLfloat', possible loss of data
C:\Users\PC\source\repos\A1-Iroanya-Firstinitial\A1-IROANYA-III-EaseInOut\A1-Iroanya-Firstinitial\Shapes.h(50,20): warning C4244: 'argument': conversion from 'int' to 'GLfloat', possible loss of data
C:\Users\PC\source\repos\A1-Iroanya-Firstinitial\A1-IROANYA-III-EaseInOut\A1-Iroanya-Firstinitial\Shapes.h(51,33): warning C4244: 'argument': conversion from 'int' to 'GLfloat', possible loss of data
C:\Users\PC\source\repos\A1-Iroanya-Firstinitial\A1-IROANYA-III-EaseInOut\A1-Iroanya-Firstinitial\Shapes.h(51,22): warning C4244: 'argument': conversion from 'int' to 'GLfloat', possible loss of data
C:\Users\PC\source\repos\A1-Iroanya-Firstinitial\A1-IROANYA-III-EaseInOut\A1-Iroanya-Firstinitial\Shapes.h(52,23): warning C4244: 'argument': conversion from 'int' to 'GLfloat', possible loss of data
C:\Users\PC\source\repos\A1-Iroanya-Firstinitial\A1-IROANYA-III-EaseInOut\A1-Iroanya-Firstinitial\Shapes.h(52,20): warning C4244: 'argument': conversion from 'int' to 'GLfloat', possible loss of data
C:\Users\PC\source\repos\A1-Iroanya-Firstinitial\A1-IROANYA-III-EaseInOut\A1-Iroanya-Firstinitial\Shapes.h(53,29): warning C4244: 'argument': conversion from 'int' to 'GLfloat', possible loss of data
C:\Users\PC\source\repos\A1-Iroanya-Firstinitial\A1-IROANYA-III-EaseInOut\A1-Iroanya-Firstinitial\Shapes.h(53,22): warning C4244: 'argument': conversion from 'int' to 'GLfloat', possible loss of data
C:\Users\PC\source\repos\A1-Iroanya-Firstinitial\A1-IROANYA-III-EaseInOut\A1-Iroanya-Firstinitial\Shapes.h(54,23): warning C4244: 'argument': conversion from 'int' to 'GLfloat', possible loss of data
C:\Users\PC\source\repos\A1-Iroanya-Firstinitial\A1-IROANYA-III-EaseInOut\A1-Iroanya-Firstinitial\Shapes.h(55,29): warning C4244: 'argument': conversion from 'int' to 'GLfloat', possible loss of data
C:\Users\PC\source\repos\A1-Iroanya-Firstinitial\A1-IROANYA-III-EaseInOut\A1-Iroanya-Firstinitial\Shapes.h(55,22): warning C4244: 'argument': conversion from 'int' to 'GLfloat', possible loss of data
C:\Users\PC\source\repos\A1-Iroanya-Firstinitial\A1-IROANYA-III-EaseInOut\A1-Iroanya-Firstinitial\Shapes.h(57,29): warning C4244: 'argument': conversion from 'int' to 'GLfloat', possible loss of data
C:\Users\PC\source\repos\A1-Iroanya-Firstinitial\A1-IROANYA-III-EaseInOut\A1-Iroanya-Firstinitial\Shapes.h(57,22): warning C4244: 'argument': conversion from 'int' to 'GLfloat', possible loss of data
C:\Users\PC\source\repos\A1-Iroanya-Firstinitial\A1-IROANYA-III-EaseInOut\A1-Iroanya-Firstinitial\Shapes.h(64,15): warning C4244: 'initializing': conversion from 'float' to 'int', possible loss of data
C:\Users\PC\source\repos\A1-Iroanya-Firstinitial\A1-IROANYA-III-EaseInOut\A1-Iroanya-Firstinitial\Shapes.h(70,26): warning C4244: 'argument': conversion from 'int' to 'GLfloat', possible loss of data
C:\Users\PC\source\repos\A1-Iroanya-Firstinitial\A1-IROANYA-III-EaseInOut\A1-Iroanya-Firstinitial\Shapes.h(70,21): warning C4244: 'argument': conversion from 'int' to 'GLfloat', possible loss of data
C:\Users\PC\source\repos\A1-Iroanya-Firstinitial\A1-IROANYA-III-EaseInOut\A1-Iroanya-Firstinitial\Shapes.h(71,26): warning C4244: 'argument': conversion from 'int' to 'GLfloat', possible loss of data
C:\Users\PC\source\repos\A1-Iroanya-Firstinitial\A1-IROANYA-III-EaseInOut\A1-Iroanya-Firstinitial\Shapes.h(71,21): warning C4244: 'argument': conversion from 'int' to 'GLfloat', possible loss of data
C:\Users\PC\source\repos\A1-Iroanya-Firstinitial\A1-IROANYA-III-EaseInOut\A1-Iroanya-Firstinitial\Shapes.h(72,20): warning C4244: 'argument': conversion from 'int' to 'GLfloat', possible loss of data
C:\Users\PC\source\repos\A1-Iroanya-Firstinitial\A1-IROANYA-III-EaseInOut\A1-Iroanya-Firstinitial\Shapes.h(73,30): warning C4244: 'argument': conversion from 'int' to 'GLfloat', possible loss of data
C:\Users\PC\source\repos\A1-Iroanya-Firstinitial\A1-IROANYA-III-EaseInOut\A1-Iroanya-Firstinitial\Shapes.h(73,22): warning C4244: 'argument': conversion from 'int' to 'GLfloat', possible loss of data
C:\Users\PC\source\repos\A1-Iroanya-Firstinitial\A1-IROANYA-III-EaseInOut\A1-Iroanya-Firstinitial\Shapes.h(74,22): warning C4244: 'argument': conversion from 'int' to 'GLfloat', possible loss of data
C:\Users\PC\source\repos\A1-Iroanya-Firstinitial\A1-IROANYA-III-EaseInOut\A1-Iroanya-Firstinitial\Shapes.h(74,20): warning C4244: 'argument': conversion from 'int' to 'GLfloat', possible loss of data
C:\Users\PC\source\repos\A1-Iroanya-Firstinitial\A1-IROANYA-III-EaseInOut\A1-Iroanya-Firstinitial\Shapes.h(75,25): warning C4244: 'argument': conversion from 'int' to 'GLfloat', possible loss of data
C:\Users\PC\source\repos\A1-Iroanya-Firstinitial\A1-IROANYA-III-EaseInOut\A1-Iroanya-Firstinitial\Shapes.h(75,21): warning C4244: 'argument': conversion from 'int' to 'GLfloat', possible loss of data
C:\Users\PC\source\repos\A1-Iroanya-Firstinitial\A1-IROANYA-III-EaseInOut\A1-Iroanya-Firstinitial\Shapes.h(76,22): warning C4244: 'argument': conversion from 'int' to 'GLfloat', possible loss of data
C:\Users\PC\source\repos\A1-Iroanya-Firstinitial\A1-IROANYA-III-EaseInOut\A1-Iroanya-Firstinitial\Shapes.h(77,25): warning C4244: 'argument': conversion from 'int' to 'GLfloat', possible loss of data
C:\Users\PC\source\repos\A1-Iroanya-Firstinitial\A1-IROANYA-III-EaseInOut\A1-Iroanya-Firstinitial\Shapes.h(77,21): warning C4244: 'argument': conversion from 'int' to 'GLfloat', possible loss of data
C:\Users\PC\source\repos\A1-Iroanya-Firstinitial\A1-IROANYA-III-EaseInOut\A1-Iroanya-Firstinitial\Shapes.h(79,29): warning C4244: 'argument': conversion from 'int' to 'GLfloat', possible loss of data
C:\Users\PC\source\repos\A1-Iroanya-Firstinitial\A1-IROANYA-III-EaseInOut\A1-Iroanya-Firstinitial\Shapes.h(79,22): warning C4244: 'argument': conversion from 'int' to 'GLfloat', possible loss of data
C:\Users\PC\source\repos\A1-Iroanya-Firstinitial\A1-IROANYA-III-EaseInOut\A1-Iroanya-Firstinitial\Shapes.h(85,15): warning C4244: 'initializing': conversion from 'float' to 'int', possible loss of data
C:\Users\PC\source\repos\A1-Iroanya-Firstinitial\A1-IROANYA-III-EaseInOut\A1-Iroanya-Firstinitial\Shapes.h(90,29): warning C4244: 'argument': conversion from 'int' to 'GLfloat', possible loss of data
C:\Users\PC\source\repos\A1-Iroanya-Firstinitial\A1-IROANYA-III-EaseInOut\A1-Iroanya-Firstinitial\Shapes.h(90,22): warning C4244: 'argument': conversion from 'int' to 'GLfloat', possible loss of data
C:\Users\PC\source\repos\A1-Iroanya-Firstinitial\A1-IROANYA-III-EaseInOut\A1-Iroanya-Firstinitial\Shapes.h(91,22): warning C4244: 'argument': conversion from 'int' to 'GLfloat', possible loss of data
C:\Users\PC\source\repos\A1-Iroanya-Firstinitial\A1-IROANYA-III-EaseInOut\A1-Iroanya-Firstinitial\Shapes.h(92,20): warning C4244: 'argument': conversion from 'int' to 'GLfloat', possible loss of data
C:\Users\PC\source\repos\A1-Iroanya-Firstinitial\A1-IROANYA-III-EaseInOut\A1-Iroanya-Firstinitial\Shapes.h(93,25): warning C4244: 'argument': conversion from 'int' to 'GLfloat', possible loss of data
C:\Users\PC\source\repos\A1-Iroanya-Firstinitial\A1-IROANYA-III-EaseInOut\A1-Iroanya-Firstinitial\Shapes.h(93,20): warning C4244: 'argument': conversion from 'int' to 'GLfloat', possible loss of data
C:\Users\PC\source\repos\A1-Iroanya-Firstinitial\A1-IROANYA-III-EaseInOut\A1-Iroanya-Firstinitial\Shapes.h(94,23): warning C4244: 'argument': conversion from 'int' to 'GLfloat', possible loss of data
C:\Users\PC\source\repos\A1-Iroanya-Firstinitial\A1-IROANYA-III-EaseInOut\A1-Iroanya-Firstinitial\Shapes.h(94,20): warning C4244: 'argument': conversion from 'int' to 'GLfloat', possible loss of data
C:\Users\PC\source\repos\A1-Iroanya-Firstinitial\A1-IROANYA-III-EaseInOut\A1-Iroanya-Firstinitial\Shapes.h(95,27): warning C4244: 'argument': conversion from 'int' to 'GLfloat', possible loss of data
C:\Users\PC\source\repos\A1-Iroanya-Firstinitial\A1-IROANYA-III-EaseInOut\A1-Iroanya-Firstinitial\Shapes.h(95,22): warning C4244: 'argument': conversion from 'int' to 'GLfloat', possible loss of data
C:\Users\PC\source\repos\A1-Iroanya-Firstinitial\A1-IROANYA-III-EaseInOut\A1-Iroanya-Firstinitial\Shapes.h(96,23): warning C4244: 'argument': conversion from 'int' to 'GLfloat', possible loss of data
C:\Users\PC\source\repos\A1-Iroanya-Firstinitial\A1-IROANYA-III-EaseInOut\A1-Iroanya-Firstinitial\Shapes.h(97,25): warning C4244: 'argument': conversion from 'int' to 'GLfloat', possible loss of data
C:\Users\PC\source\repos\A1-Iroanya-Firstinitial\A1-IROANYA-III-EaseInOut\A1-Iroanya-Firstinitial\Shapes.h(99,22): warning C4244: 'argument': conversion from 'int' to 'GLfloat', possible loss of data
C:\Users\PC\source\repos\A1-Iroanya-Firstinitial\A1-IROANYA-III-EaseInOut\A1-Iroanya-Firstinitial\Shapes.h(105,15): warning C4244: 'initializing': conversion from 'float' to 'int', possible loss of data
C:\Users\PC\source\repos\A1-Iroanya-Firstinitial\A1-IROANYA-III-EaseInOut\A1-Iroanya-Firstinitial\Shapes.h(110,29): warning C4244: 'argument': conversion from 'int' to 'GLfloat', possible loss of data
C:\Users\PC\source\repos\A1-Iroanya-Firstinitial\A1-IROANYA-III-EaseInOut\A1-Iroanya-Firstinitial\Shapes.h(110,22): warning C4244: 'argument': conversion from 'int' to 'GLfloat', possible loss of data
C:\Users\PC\source\repos\A1-Iroanya-Firstinitial\A1-IROANYA-III-EaseInOut\A1-Iroanya-Firstinitial\Shapes.h(111,27): warning C4244: 'argument': conversion from 'int' to 'GLfloat', possible loss of data
C:\Users\PC\source\repos\A1-Iroanya-Firstinitial\A1-IROANYA-III-EaseInOut\A1-Iroanya-Firstinitial\Shapes.h(111,22): warning C4244: 'argument': conversion from 'int' to 'GLfloat', possible loss of data
C:\Users\PC\source\repos\A1-Iroanya-Firstinitial\A1-IROANYA-III-EaseInOut\A1-Iroanya-Firstinitial\Shapes.h(112,20): warning C4244: 'argument': conversion from 'int' to 'GLfloat', possible loss of data
C:\Users\PC\source\repos\A1-Iroanya-Firstinitial\A1-IROANYA-III-EaseInOut\A1-Iroanya-Firstinitial\Shapes.h(113,35): warning C4244: 'argument': conversion from 'int' to 'GLfloat', possible loss of data
C:\Users\PC\source\repos\A1-Iroanya-Firstinitial\A1-IROANYA-III-EaseInOut\A1-Iroanya-Firstinitial\Shapes.h(113,23): warning C4244: 'argument': conversion from 'int' to 'GLfloat', possible loss of data
C:\Users\PC\source\repos\A1-Iroanya-Firstinitial\A1-IROANYA-III-EaseInOut\A1-Iroanya-Firstinitial\Shapes.h(114,23): warning C4244: 'argument': conversion from 'int' to 'GLfloat', possible loss of data
C:\Users\PC\source\repos\A1-Iroanya-Firstinitial\A1-IROANYA-III-EaseInOut\A1-Iroanya-Firstinitial\Shapes.h(114,20): warning C4244: 'argument': conversion from 'int' to 'GLfloat', possible loss of data
C:\Users\PC\source\repos\A1-Iroanya-Firstinitial\A1-IROANYA-III-EaseInOut\A1-Iroanya-Firstinitial\Shapes.h(115,29): warning C4244: 'argument': conversion from 'int' to 'GLfloat', possible loss of data
C:\Users\PC\source\repos\A1-Iroanya-Firstinitial\A1-IROANYA-III-EaseInOut\A1-Iroanya-Firstinitial\Shapes.h(115,22): warning C4244: 'argument': conversion from 'int' to 'GLfloat', possible loss of data
C:\Users\PC\source\repos\A1-Iroanya-Firstinitial\A1-IROANYA-III-EaseInOut\A1-Iroanya-Firstinitial\Shapes.h(116,23): warning C4244: 'argument': conversion from 'int' to 'GLfloat', possible loss of data
C:\Users\PC\source\repos\A1-Iroanya-Firstinitial\A1-IROANYA-III-EaseInOut\A1-Iroanya-Firstinitial\Shapes.h(117,32): warning C4244: 'argument': conversion from 'int' to 'GLfloat', possible loss of data
C:\Users\PC\source\repos\A1-Iroanya-Firstinitial\A1-IROANYA-III-EaseInOut\A1-Iroanya-Firstinitial\Shapes.h(117,20): warning C4244: 'argument': conversion from 'int' to 'GLfloat', possible loss of data
C:\Users\PC\source\repos\A1-Iroanya-Firstinitial\A1-IROANYA-III-EaseInOut\A1-Iroanya-Firstinitial\Shapes.h(119,27): warning C4244: 'argument': conversion from 'int' to 'GLfloat', possible loss of data
C:\Users\PC\source\repos\A1-Iroanya-Firstinitial\A1-IROANYA-III-EaseInOut\A1-Iroanya-Firstinitial\Shapes.h(119,22): warning C4244: 'argument': conversion from 'int' to 'GLfloat', possible loss of data
C:\Users\PC\source\repos\A1-Iroanya-Firstinitial\A1-IROANYA-III-EaseInOut\A1-Iroanya-Firstinitial\Shapes.h(126,15): warning C4244: 'initializing': conversion from 'float' to 'int', possible loss of data
C:\Users\PC\source\repos\A1-Iroanya-Firstinitial\A1-IROANYA-III-EaseInOut\A1-Iroanya-Firstinitial\Shapes.h(131,29): warning C4244: 'argument': conversion from 'int' to 'GLfloat', possible loss of data
C:\Users\PC\source\repos\A1-Iroanya-Firstinitial\A1-IROANYA-III-EaseInOut\A1-Iroanya-Firstinitial\Shapes.h(131,22): warning C4244: 'argument': conversion from 'int' to 'GLfloat', possible loss of data
C:\Users\PC\source\repos\A1-Iroanya-Firstinitial\A1-IROANYA-III-EaseInOut\A1-Iroanya-Firstinitial\Shapes.h(132,27): warning C4244: 'argument': conversion from 'int' to 'GLfloat', possible loss of data
C:\Users\PC\source\repos\A1-Iroanya-Firstinitial\A1-IROANYA-III-EaseInOut\A1-Iroanya-Firstinitial\Shapes.h(132,22): warning C4244: 'argument': conversion from 'int' to 'GLfloat', possible loss of data
C:\Users\PC\source\repos\A1-Iroanya-Firstinitial\A1-IROANYA-III-EaseInOut\A1-Iroanya-Firstinitial\Shapes.h(133,20): warning C4244: 'argument': conversion from 'int' to 'GLfloat', possible loss of data
C:\Users\PC\source\repos\A1-Iroanya-Firstinitial\A1-IROANYA-III-EaseInOut\A1-Iroanya-Firstinitial\Shapes.h(134,35): warning C4244: 'argument': conversion from 'int' to 'GLfloat', possible loss of data
C:\Users\PC\source\repos\A1-Iroanya-Firstinitial\A1-IROANYA-III-EaseInOut\A1-Iroanya-Firstinitial\Shapes.h(134,23): warning C4244: 'argument': conversion from 'int' to 'GLfloat', possible loss of data
C:\Users\PC\source\repos\A1-Iroanya-Firstinitial\A1-IROANYA-III-EaseInOut\A1-Iroanya-Firstinitial\Shapes.h(135,23): warning C4244: 'argument': conversion from 'int' to 'GLfloat', possible loss of data
C:\Users\PC\source\repos\A1-Iroanya-Firstinitial\A1-IROANYA-III-EaseInOut\A1-Iroanya-Firstinitial\Shapes.h(135,20): warning C4244: 'argument': conversion from 'int' to 'GLfloat', possible loss of data
C:\Users\PC\source\repos\A1-Iroanya-Firstinitial\A1-IROANYA-III-EaseInOut\A1-Iroanya-Firstinitial\Shapes.h(136,29): warning C4244: 'argument': conversion from 'int' to 'GLfloat', possible loss of data
C:\Users\PC\source\repos\A1-Iroanya-Firstinitial\A1-IROANYA-III-EaseInOut\A1-Iroanya-Firstinitial\Shapes.h(136,22): warning C4244: 'argument': conversion from 'int' to 'GLfloat', possible loss of data
C:\Users\PC\source\repos\A1-Iroanya-Firstinitial\A1-IROANYA-III-EaseInOut\A1-Iroanya-Firstinitial\Shapes.h(137,23): warning C4244: 'argument': conversion from 'int' to 'GLfloat', possible loss of data
C:\Users\PC\source\repos\A1-Iroanya-Firstinitial\A1-IROANYA-III-EaseInOut\A1-Iroanya-Firstinitial\Shapes.h(138,32): warning C4244: 'argument': conversion from 'int' to 'GLfloat', possible loss of data
C:\Users\PC\source\repos\A1-Iroanya-Firstinitial\A1-IROANYA-III-EaseInOut\A1-Iroanya-Firstinitial\Shapes.h(138,20): warning C4244: 'argument': conversion from 'int' to 'GLfloat', possible loss of data
C:\Users\PC\source\repos\A1-Iroanya-Firstinitial\A1-IROANYA-III-EaseInOut\A1-Iroanya-Firstinitial\Shapes.h(140,27): warning C4244: 'argument': conversion from 'int' to 'GLfloat', possible loss of data
C:\Users\PC\source\repos\A1-Iroanya-Firstinitial\A1-IROANYA-III-EaseInOut\A1-Iroanya-Firstinitial\Shapes.h(140,22): warning C4244: 'argument': conversion from 'int' to 'GLfloat', possible loss of data
C:\Users\PC\source\repos\A1-Iroanya-Firstinitial\A1-IROANYA-III-EaseInOut\A1-Iroanya-Firstinitial\Shapes.h(146,15): warning C4244: 'initializing': conversion from 'float' to 'int', possible loss of data
C:\Users\PC\source\repos\A1-Iroanya-Firstinitial\A1-IROANYA-III-EaseInOut\A1-Iroanya-Firstinitial\Shapes.h(151,29): warning C4244: 'argument': conversion from 'int' to 'GLfloat', possible loss of data
C:\Users\PC\source\repos\A1-Iroanya-Firstinitial\A1-IROANYA-III-EaseInOut\A1-Iroanya-Firstinitial\Shapes.h(151,22): warning C4244: 'argument': conversion from 'int' to 'GLfloat', possible loss of data
C:\Users\PC\source\repos\A1-Iroanya-Firstinitial\A1-IROANYA-III-EaseInOut\A1-Iroanya-Firstinitial\Shapes.h(152,27): warning C4244: 'argument': conversion from 'int' to 'GLfloat', possible loss of data
C:\Users\PC\source\repos\A1-Iroanya-Firstinitial\A1-IROANYA-III-EaseInOut\A1-Iroanya-Firstinitial\Shapes.h(152,22): warning C4244: 'argument': conversion from 'int' to 'GLfloat', possible loss of data
C:\Users\PC\source\repos\A1-Iroanya-Firstinitial\A1-IROANYA-III-EaseInOut\A1-Iroanya-Firstinitial\Shapes.h(153,20): warning C4244: 'argument': conversion from 'int' to 'GLfloat', possible loss of data
C:\Users\PC\source\repos\A1-Iroanya-Firstinitial\A1-IROANYA-III-EaseInOut\A1-Iroanya-Firstinitial\Shapes.h(154,31): warning C4244: 'argument': conversion from 'int' to 'GLfloat', possible loss of data
C:\Users\PC\source\repos\A1-Iroanya-Firstinitial\A1-IROANYA-III-EaseInOut\A1-Iroanya-Firstinitial\Shapes.h(154,23): warning C4244: 'argument': conversion from 'int' to 'GLfloat', possible loss of data
C:\Users\PC\source\repos\A1-Iroanya-Firstinitial\A1-IROANYA-III-EaseInOut\A1-Iroanya-Firstinitial\Shapes.h(155,23): warning C4244: 'argument': conversion from 'int' to 'GLfloat', possible loss of data
C:\Users\PC\source\repos\A1-Iroanya-Firstinitial\A1-IROANYA-III-EaseInOut\A1-Iroanya-Firstinitial\Shapes.h(155,20): warning C4244: 'argument': conversion from 'int' to 'GLfloat', possible loss of data
C:\Users\PC\source\repos\A1-Iroanya-Firstinitial\A1-IROANYA-III-EaseInOut\A1-Iroanya-Firstinitial\Shapes.h(156,29): warning C4244: 'argument': conversion from 'int' to 'GLfloat', possible loss of data
C:\Users\PC\source\repos\A1-Iroanya-Firstinitial\A1-IROANYA-III-EaseInOut\A1-Iroanya-Firstinitial\Shapes.h(156,22): warning C4244: 'argument': conversion from 'int' to 'GLfloat', possible loss of data
C:\Users\PC\source\repos\A1-Iroanya-Firstinitial\A1-IROANYA-III-EaseInOut\A1-Iroanya-Firstinitial\Shapes.h(157,23): warning C4244: 'argument': conversion from 'int' to 'GLfloat', possible loss of data
C:\Users\PC\source\repos\A1-Iroanya-Firstinitial\A1-IROANYA-III-EaseInOut\A1-Iroanya-Firstinitial\Shapes.h(158,28): warning C4244: 'argument': conversion from 'int' to 'GLfloat', possible loss of data
C:\Users\PC\source\repos\A1-Iroanya-Firstinitial\A1-IROANYA-III-EaseInOut\A1-Iroanya-Firstinitial\Shapes.h(158,20): warning C4244: 'argument': conversion from 'int' to 'GLfloat', possible loss of data
C:\Users\PC\source\repos\A1-Iroanya-Firstinitial\A1-IROANYA-III-EaseInOut\A1-Iroanya-Firstinitial\Shapes.h(160,27): warning C4244: 'argument': conversion from 'int' to 'GLfloat', possible loss of data
C:\Users\PC\source\repos\A1-Iroanya-Firstinitial\A1-IROANYA-III-EaseInOut\A1-Iroanya-Firstinitial\Shapes.h(160,22): warning C4244: 'argument': conversion from 'int' to 'GLfloat', possible loss of data
C:\Users\PC\source\repos\A1-Iroanya-Firstinitial\A1-IROANYA-III-EaseInOut\A1-Iroanya-Firstinitial\Utils.h(64,20): warning C4244: 'return': conversion from 'double' to 'float', possible loss of data
C:\Users\PC\source\repos\A1-Iroanya-Firstinitial\A1-IROANYA-III-EaseInOut\A1-Iroanya-Firstinitial\AnimationTest.h(88,21): warning C4018: '<': signed/unsigned mismatch
C:\Users\PC\source\repos\A1-Iroanya-Firstinitial\A1-IROANYA-III-EaseInOut\A1-Iroanya-Firstinitial\AnimationTest.h(92,19): warning C4244: 'initializing': conversion from 'int' to 'float', possible loss of data
C:\Users\PC\source\repos\A1-Iroanya-Firstinitial\A1-IROANYA-III-EaseInOut\A1-Iroanya-Firstinitial\AnimationTest.h(93,19): warning C4244: 'initializing': conversion from 'int' to 'float', possible loss of data
C:\Users\PC\source\repos\A1-Iroanya-Firstinitial\A1-IROANYA-III-EaseInOut\A1-Iroanya-Firstinitial\AnimationTest.h(128,22): warning C4018: '<': signed/unsigned mismatch
C:\Users\PC\source\repos\A1-Iroanya-Firstinitial\A1-IROANYA-III-EaseInOut\A1-Iroanya-Firstinitial\AnimationTest.h(134,20): warning C4244: 'initializing': conversion from 'int' to 'float', possible loss of data
C:\Users\PC\source\repos\A1-Iroanya-Firstinitial\A1-IROANYA-III-EaseInOut\A1-Iroanya-Firstinitial\AnimationTest.h(135,20): warning C4244: 'initializing': conversion from 'int' to 'float', possible loss of data
C:\Users\PC\source\repos\A1-Iroanya-Firstinitial\A1-IROANYA-III-EaseInOut\A1-Iroanya-Firstinitial\GameWindow.h(197,20): warning C4244: '=': conversion from 'double' to 'float', possible loss of data
C:\Users\PC\source\repos\A1-Iroanya-Firstinitial\A1-IROANYA-III-EaseInOut\A1-Iroanya-Firstinitial\GameWindow.h(198,11): warning C4244: '=': conversion from 'int' to 'float', possible loss of data
C:\Users\PC\source\repos\A1-Iroanya-Firstinitial\A1-IROANYA-III-EaseInOut\A1-Iroanya-Firstinitial\GameWindow.h(243,18): warning C4244: '=': conversion from 'int' to 'float', possible loss of data
C:\Users\PC\source\repos\A1-Iroanya-Firstinitial\A1-IROANYA-III-EaseInOut\A1-Iroanya-Firstinitial\Main.cpp(36,15): warning C4244: 'argument': conversion from 'time_t' to 'unsigned int', possible loss of data
  A1-Iroanya-Firstinitial.vcxproj -> C:\Users\PC\source\repos\A1-Iroanya-Firstinitial\A1-IROANYA-III-EaseInOut\Debug\A1-Iroanya-Firstinitial.exe
