  Main.cpp
C:\Users\PC\source\repos\A1-Iroanya-Firstinitial\A1-Iroanya-Firstinitial\Shapes.h(12,26): warning C4244: 'argument': conversion from 'double' to 'GLint', possible loss of data
C:\Users\PC\source\repos\A1-Iroanya-Firstinitial\A1-Iroanya-Firstinitial\Shapes.h(12,23): warning C4244: 'argument': conversion from 'double' to 'GLint', possible loss of data
Main.obj : error LNK2019: unresolved external symbol __imp_glutInitWindowPosition referenced in function "public: __cdecl GameWindow::GameWindow(void)" (??0GameWindow@@QEAA@XZ)
Main.obj : error LNK2019: unresolved external symbol __imp_glutInitWindowSize referenced in function "public: __cdecl GameWindow::GameWindow(void)" (??0GameWindow@@QEAA@XZ)
Main.obj : error LNK2019: unresolved external symbol __imp_glutMainLoop referenced in function "public: void __cdecl GameWindow::init(void (__cdecl*)(void),void (__cdecl*)(unsigned char,int,int),void (__cdecl*)(unsigned char,int,int),void (__cdecl*)(int,int),void (__cdecl*)(void),void (__cdecl*)(int))" (?init@GameWindow@@QEAAXP6AXXZP6AXEHH@Z1P6AXHH@Z0P6AXH@Z@Z)
Main.obj : error LNK2019: unresolved external symbol __imp_glutPostRedisplay referenced in function "void __cdecl idle(void)" (?idle@@YAXXZ)
Main.obj : error LNK2019: unresolved external symbol __imp_glutSwapBuffers referenced in function "public: void __cdecl GameWindow::update(void)" (?update@GameWindow@@QEAAXXZ)
Main.obj : error LNK2019: unresolved external symbol __imp_glutTimerFunc referenced in function "public: void __cdecl GameWindow::init(void (__cdecl*)(void),void (__cdecl*)(unsigned char,int,int),void (__cdecl*)(unsigned char,int,int),void (__cdecl*)(int,int),void (__cdecl*)(void),void (__cdecl*)(int))" (?init@GameWindow@@QEAAXP6AXXZP6AXEHH@Z1P6AXHH@Z0P6AXH@Z@Z)
Main.obj : error LNK2019: unresolved external symbol __imp_glutKeyboardFunc referenced in function "public: void __cdecl GameWindow::init(void (__cdecl*)(void),void (__cdecl*)(unsigned char,int,int),void (__cdecl*)(unsigned char,int,int),void (__cdecl*)(int,int),void (__cdecl*)(void),void (__cdecl*)(int))" (?init@GameWindow@@QEAAXP6AXXZP6AXEHH@Z1P6AXHH@Z0P6AXH@Z@Z)
Main.obj : error LNK2019: unresolved external symbol __imp_glutReshapeFunc referenced in function "public: void __cdecl GameWindow::init(void (__cdecl*)(void),void (__cdecl*)(unsigned char,int,int),void (__cdecl*)(unsigned char,int,int),void (__cdecl*)(int,int),void (__cdecl*)(void),void (__cdecl*)(int))" (?init@GameWindow@@QEAAXP6AXXZP6AXEHH@Z1P6AXHH@Z0P6AXH@Z@Z)
Main.obj : error LNK2019: unresolved external symbol __imp_glutDisplayFunc referenced in function "public: void __cdecl GameWindow::init(void (__cdecl*)(void),void (__cdecl*)(unsigned char,int,int),void (__cdecl*)(unsigned char,int,int),void (__cdecl*)(int,int),void (__cdecl*)(void),void (__cdecl*)(int))" (?init@GameWindow@@QEAAXP6AXXZP6AXEHH@Z1P6AXHH@Z0P6AXH@Z@Z)
Main.obj : error LNK2019: unresolved external symbol __imp_glutKeyboardUpFunc referenced in function "public: void __cdecl GameWindow::init(void (__cdecl*)(void),void (__cdecl*)(unsigned char,int,int),void (__cdecl*)(unsigned char,int,int),void (__cdecl*)(int,int),void (__cdecl*)(void),void (__cdecl*)(int))" (?init@GameWindow@@QEAAXP6AXXZP6AXEHH@Z1P6AXHH@Z0P6AXH@Z@Z)
Main.obj : error LNK2019: unresolved external symbol __imp_glutGet referenced in function "public: __cdecl GameWindow::GameWindow(void)" (??0GameWindow@@QEAA@XZ)
Main.obj : error LNK2019: unresolved external symbol __imp_glutSetKeyRepeat referenced in function "public: void __cdecl GameWindow::init(void (__cdecl*)(void),void (__cdecl*)(unsigned char,int,int),void (__cdecl*)(unsigned char,int,int),void (__cdecl*)(int,int),void (__cdecl*)(void),void (__cdecl*)(int))" (?init@GameWindow@@QEAAXP6AXXZP6AXEHH@Z1P6AXHH@Z0P6AXH@Z@Z)
Main.obj : error LNK2019: unresolved external symbol __imp___glutInitWithExit referenced in function glutInit_ATEXIT_HACK
Main.obj : error LNK2019: unresolved external symbol __imp___glutCreateWindowWithExit referenced in function glutCreateWindow_ATEXIT_HACK
Main.obj : error LNK2019: unresolved external symbol __imp_glutBitmapString referenced in function "public: static void __cdecl Shapes::drawText(double,double,char const *,struct Color)" (?drawText@Shapes@@SAXNNPEBDUColor@@@Z)
C:\Users\PC\source\repos\A1-Iroanya-Firstinitial\libs\freeglut\lib\freeglut.lib : warning LNK4272: library machine type 'x86' conflicts with target machine type 'x64'
C:\Users\PC\source\repos\A1-Iroanya-Firstinitial\x64\Debug\A1-Iroanya-Firstinitial.exe : fatal error LNK1120: 15 unresolved externals
