  Main.cpp
C:\Users\PC\source\repos\A1-Iroanya-Firstinitial\A1-IROANYA-III-EaseInOut - 3\A1-Iroanya-Firstinitial\Shapes.h(52,26): warning C4244: 'argument': conversion from 'double' to 'GLint', possible loss of data
C:\Users\PC\source\repos\A1-Iroanya-Firstinitial\A1-IROANYA-III-EaseInOut - 3\A1-Iroanya-Firstinitial\Shapes.h(52,23): warning C4244: 'argument': conversion from 'double' to 'GLint', possible loss of data
C:\Users\PC\source\repos\A1-Iroanya-Firstinitial\A1-IROANYA-III-EaseInOut - 3\A1-Iroanya-Firstinitial\Shapes.h(58,1): warning C4305: '+=': truncation from 'double' to 'float'
C:\Users\PC\source\repos\A1-Iroanya-Firstinitial\A1-IROANYA-III-EaseInOut - 3\A1-Iroanya-Firstinitial\Shapes.h(64,15): warning C4244: 'initializing': conversion from 'float' to 'int', possible loss of data
C:\Users\PC\source\repos\A1-Iroanya-Firstinitial\A1-IROANYA-III-EaseInOut - 3\A1-Iroanya-Firstinitial\Shapes.h(67,29): warning C4244: 'argument': conversion from 'int' to 'GLfloat', possible loss of data
C:\Users\PC\source\repos\A1-Iroanya-Firstinitial\A1-IROANYA-III-EaseInOut - 3\A1-Iroanya-Firstinitial\Shapes.h(67,22): warning C4244: 'argument': conversion from 'int' to 'GLfloat', possible loss of data
C:\Users\PC\source\repos\A1-Iroanya-Firstinitial\A1-IROANYA-III-EaseInOut - 3\A1-Iroanya-Firstinitial\Shapes.h(68,29): warning C4244: 'argument': conversion from 'int' to 'GLfloat', possible loss of data
C:\Users\PC\source\repos\A1-Iroanya-Firstinitial\A1-IROANYA-III-EaseInOut - 3\A1-Iroanya-Firstinitial\Shapes.h(68,22): warning C4244: 'argument': conversion from 'int' to 'GLfloat', possible loss of data
C:\Users\PC\source\repos\A1-Iroanya-Firstinitial\A1-IROANYA-III-EaseInOut - 3\A1-Iroanya-Firstinitial\Shapes.h(69,20): warning C4244: 'argument': conversion from 'int' to 'GLfloat', possible loss of data
C:\Users\PC\source\repos\A1-Iroanya-Firstinitial\A1-IROANYA-III-EaseInOut - 3\A1-Iroanya-Firstinitial\Shapes.h(70,33): warning C4244: 'argument': conversion from 'int' to 'GLfloat', possible loss of data
C:\Users\PC\source\repos\A1-Iroanya-Firstinitial\A1-IROANYA-III-EaseInOut - 3\A1-Iroanya-Firstinitial\Shapes.h(70,22): warning C4244: 'argument': conversion from 'int' to 'GLfloat', possible loss of data
C:\Users\PC\source\repos\A1-Iroanya-Firstinitial\A1-IROANYA-III-EaseInOut - 3\A1-Iroanya-Firstinitial\Shapes.h(71,23): warning C4244: 'argument': conversion from 'int' to 'GLfloat', possible loss of data
C:\Users\PC\source\repos\A1-Iroanya-Firstinitial\A1-IROANYA-III-EaseInOut - 3\A1-Iroanya-Firstinitial\Shapes.h(71,20): warning C4244: 'argument': conversion from 'int' to 'GLfloat', possible loss of data
C:\Users\PC\source\repos\A1-Iroanya-Firstinitial\A1-IROANYA-III-EaseInOut - 3\A1-Iroanya-Firstinitial\Shapes.h(72,29): warning C4244: 'argument': conversion from 'int' to 'GLfloat', possible loss of data
C:\Users\PC\source\repos\A1-Iroanya-Firstinitial\A1-IROANYA-III-EaseInOut - 3\A1-Iroanya-Firstinitial\Shapes.h(72,22): warning C4244: 'argument': conversion from 'int' to 'GLfloat', possible loss of data
C:\Users\PC\source\repos\A1-Iroanya-Firstinitial\A1-IROANYA-III-EaseInOut - 3\A1-Iroanya-Firstinitial\Shapes.h(73,23): warning C4244: 'argument': conversion from 'int' to 'GLfloat', possible loss of data
C:\Users\PC\source\repos\A1-Iroanya-Firstinitial\A1-IROANYA-III-EaseInOut - 3\A1-Iroanya-Firstinitial\Shapes.h(74,29): warning C4244: 'argument': conversion from 'int' to 'GLfloat', possible loss of data
C:\Users\PC\source\repos\A1-Iroanya-Firstinitial\A1-IROANYA-III-EaseInOut - 3\A1-Iroanya-Firstinitial\Shapes.h(74,22): warning C4244: 'argument': conversion from 'int' to 'GLfloat', possible loss of data
C:\Users\PC\source\repos\A1-Iroanya-Firstinitial\A1-IROANYA-III-EaseInOut - 3\A1-Iroanya-Firstinitial\Shapes.h(76,29): warning C4244: 'argument': conversion from 'int' to 'GLfloat', possible loss of data
C:\Users\PC\source\repos\A1-Iroanya-Firstinitial\A1-IROANYA-III-EaseInOut - 3\A1-Iroanya-Firstinitial\Shapes.h(76,22): warning C4244: 'argument': conversion from 'int' to 'GLfloat', possible loss of data
C:\Users\PC\source\repos\A1-Iroanya-Firstinitial\A1-IROANYA-III-EaseInOut - 3\A1-Iroanya-Firstinitial\Shapes.h(83,15): warning C4244: 'initializing': conversion from 'float' to 'int', possible loss of data
C:\Users\PC\source\repos\A1-Iroanya-Firstinitial\A1-IROANYA-III-EaseInOut - 3\A1-Iroanya-Firstinitial\Shapes.h(89,26): warning C4244: 'argument': conversion from 'int' to 'GLfloat', possible loss of data
C:\Users\PC\source\repos\A1-Iroanya-Firstinitial\A1-IROANYA-III-EaseInOut - 3\A1-Iroanya-Firstinitial\Shapes.h(89,21): warning C4244: 'argument': conversion from 'int' to 'GLfloat', possible loss of data
C:\Users\PC\source\repos\A1-Iroanya-Firstinitial\A1-IROANYA-III-EaseInOut - 3\A1-Iroanya-Firstinitial\Shapes.h(90,26): warning C4244: 'argument': conversion from 'int' to 'GLfloat', possible loss of data
C:\Users\PC\source\repos\A1-Iroanya-Firstinitial\A1-IROANYA-III-EaseInOut - 3\A1-Iroanya-Firstinitial\Shapes.h(90,21): warning C4244: 'argument': conversion from 'int' to 'GLfloat', possible loss of data
C:\Users\PC\source\repos\A1-Iroanya-Firstinitial\A1-IROANYA-III-EaseInOut - 3\A1-Iroanya-Firstinitial\Shapes.h(91,20): warning C4244: 'argument': conversion from 'int' to 'GLfloat', possible loss of data
C:\Users\PC\source\repos\A1-Iroanya-Firstinitial\A1-IROANYA-III-EaseInOut - 3\A1-Iroanya-Firstinitial\Shapes.h(92,30): warning C4244: 'argument': conversion from 'int' to 'GLfloat', possible loss of data
C:\Users\PC\source\repos\A1-Iroanya-Firstinitial\A1-IROANYA-III-EaseInOut - 3\A1-Iroanya-Firstinitial\Shapes.h(92,22): warning C4244: 'argument': conversion from 'int' to 'GLfloat', possible loss of data
C:\Users\PC\source\repos\A1-Iroanya-Firstinitial\A1-IROANYA-III-EaseInOut - 3\A1-Iroanya-Firstinitial\Shapes.h(93,22): warning C4244: 'argument': conversion from 'int' to 'GLfloat', possible loss of data
C:\Users\PC\source\repos\A1-Iroanya-Firstinitial\A1-IROANYA-III-EaseInOut - 3\A1-Iroanya-Firstinitial\Shapes.h(93,20): warning C4244: 'argument': conversion from 'int' to 'GLfloat', possible loss of data
C:\Users\PC\source\repos\A1-Iroanya-Firstinitial\A1-IROANYA-III-EaseInOut - 3\A1-Iroanya-Firstinitial\Shapes.h(94,25): warning C4244: 'argument': conversion from 'int' to 'GLfloat', possible loss of data
C:\Users\PC\source\repos\A1-Iroanya-Firstinitial\A1-IROANYA-III-EaseInOut - 3\A1-Iroanya-Firstinitial\Shapes.h(94,21): warning C4244: 'argument': conversion from 'int' to 'GLfloat', possible loss of data
C:\Users\PC\source\repos\A1-Iroanya-Firstinitial\A1-IROANYA-III-EaseInOut - 3\A1-Iroanya-Firstinitial\Shapes.h(95,22): warning C4244: 'argument': conversion from 'int' to 'GLfloat', possible loss of data
C:\Users\PC\source\repos\A1-Iroanya-Firstinitial\A1-IROANYA-III-EaseInOut - 3\A1-Iroanya-Firstinitial\Shapes.h(96,25): warning C4244: 'argument': conversion from 'int' to 'GLfloat', possible loss of data
C:\Users\PC\source\repos\A1-Iroanya-Firstinitial\A1-IROANYA-III-EaseInOut - 3\A1-Iroanya-Firstinitial\Shapes.h(96,21): warning C4244: 'argument': conversion from 'int' to 'GLfloat', possible loss of data
C:\Users\PC\source\repos\A1-Iroanya-Firstinitial\A1-IROANYA-III-EaseInOut - 3\A1-Iroanya-Firstinitial\Shapes.h(98,29): warning C4244: 'argument': conversion from 'int' to 'GLfloat', possible loss of data
C:\Users\PC\source\repos\A1-Iroanya-Firstinitial\A1-IROANYA-III-EaseInOut - 3\A1-Iroanya-Firstinitial\Shapes.h(98,22): warning C4244: 'argument': conversion from 'int' to 'GLfloat', possible loss of data
C:\Users\PC\source\repos\A1-Iroanya-Firstinitial\A1-IROANYA-III-EaseInOut - 3\A1-Iroanya-Firstinitial\Shapes.h(104,15): warning C4244: 'initializing': conversion from 'float' to 'int', possible loss of data
C:\Users\PC\source\repos\A1-Iroanya-Firstinitial\A1-IROANYA-III-EaseInOut - 3\A1-Iroanya-Firstinitial\Shapes.h(109,29): warning C4244: 'argument': conversion from 'int' to 'GLfloat', possible loss of data
C:\Users\PC\source\repos\A1-Iroanya-Firstinitial\A1-IROANYA-III-EaseInOut - 3\A1-Iroanya-Firstinitial\Shapes.h(109,22): warning C4244: 'argument': conversion from 'int' to 'GLfloat', possible loss of data
C:\Users\PC\source\repos\A1-Iroanya-Firstinitial\A1-IROANYA-III-EaseInOut - 3\A1-Iroanya-Firstinitial\Shapes.h(110,22): warning C4244: 'argument': conversion from 'int' to 'GLfloat', possible loss of data
C:\Users\PC\source\repos\A1-Iroanya-Firstinitial\A1-IROANYA-III-EaseInOut - 3\A1-Iroanya-Firstinitial\Shapes.h(111,20): warning C4244: 'argument': conversion from 'int' to 'GLfloat', possible loss of data
C:\Users\PC\source\repos\A1-Iroanya-Firstinitial\A1-IROANYA-III-EaseInOut - 3\A1-Iroanya-Firstinitial\Shapes.h(112,25): warning C4244: 'argument': conversion from 'int' to 'GLfloat', possible loss of data
C:\Users\PC\source\repos\A1-Iroanya-Firstinitial\A1-IROANYA-III-EaseInOut - 3\A1-Iroanya-Firstinitial\Shapes.h(112,20): warning C4244: 'argument': conversion from 'int' to 'GLfloat', possible loss of data
C:\Users\PC\source\repos\A1-Iroanya-Firstinitial\A1-IROANYA-III-EaseInOut - 3\A1-Iroanya-Firstinitial\Shapes.h(113,23): warning C4244: 'argument': conversion from 'int' to 'GLfloat', possible loss of data
C:\Users\PC\source\repos\A1-Iroanya-Firstinitial\A1-IROANYA-III-EaseInOut - 3\A1-Iroanya-Firstinitial\Shapes.h(113,20): warning C4244: 'argument': conversion from 'int' to 'GLfloat', possible loss of data
C:\Users\PC\source\repos\A1-Iroanya-Firstinitial\A1-IROANYA-III-EaseInOut - 3\A1-Iroanya-Firstinitial\Shapes.h(114,27): warning C4244: 'argument': conversion from 'int' to 'GLfloat', possible loss of data
C:\Users\PC\source\repos\A1-Iroanya-Firstinitial\A1-IROANYA-III-EaseInOut - 3\A1-Iroanya-Firstinitial\Shapes.h(114,22): warning C4244: 'argument': conversion from 'int' to 'GLfloat', possible loss of data
C:\Users\PC\source\repos\A1-Iroanya-Firstinitial\A1-IROANYA-III-EaseInOut - 3\A1-Iroanya-Firstinitial\Shapes.h(115,23): warning C4244: 'argument': conversion from 'int' to 'GLfloat', possible loss of data
C:\Users\PC\source\repos\A1-Iroanya-Firstinitial\A1-IROANYA-III-EaseInOut - 3\A1-Iroanya-Firstinitial\Shapes.h(116,25): warning C4244: 'argument': conversion from 'int' to 'GLfloat', possible loss of data
C:\Users\PC\source\repos\A1-Iroanya-Firstinitial\A1-IROANYA-III-EaseInOut - 3\A1-Iroanya-Firstinitial\Shapes.h(118,22): warning C4244: 'argument': conversion from 'int' to 'GLfloat', possible loss of data
C:\Users\PC\source\repos\A1-Iroanya-Firstinitial\A1-IROANYA-III-EaseInOut - 3\A1-Iroanya-Firstinitial\Shapes.h(124,15): warning C4244: 'initializing': conversion from 'float' to 'int', possible loss of data
C:\Users\PC\source\repos\A1-Iroanya-Firstinitial\A1-IROANYA-III-EaseInOut - 3\A1-Iroanya-Firstinitial\Shapes.h(129,29): warning C4244: 'argument': conversion from 'int' to 'GLfloat', possible loss of data
C:\Users\PC\source\repos\A1-Iroanya-Firstinitial\A1-IROANYA-III-EaseInOut - 3\A1-Iroanya-Firstinitial\Shapes.h(129,22): warning C4244: 'argument': conversion from 'int' to 'GLfloat', possible loss of data
C:\Users\PC\source\repos\A1-Iroanya-Firstinitial\A1-IROANYA-III-EaseInOut - 3\A1-Iroanya-Firstinitial\Shapes.h(130,27): warning C4244: 'argument': conversion from 'int' to 'GLfloat', possible loss of data
C:\Users\PC\source\repos\A1-Iroanya-Firstinitial\A1-IROANYA-III-EaseInOut - 3\A1-Iroanya-Firstinitial\Shapes.h(130,22): warning C4244: 'argument': conversion from 'int' to 'GLfloat', possible loss of data
C:\Users\PC\source\repos\A1-Iroanya-Firstinitial\A1-IROANYA-III-EaseInOut - 3\A1-Iroanya-Firstinitial\Shapes.h(131,20): warning C4244: 'argument': conversion from 'int' to 'GLfloat', possible loss of data
C:\Users\PC\source\repos\A1-Iroanya-Firstinitial\A1-IROANYA-III-EaseInOut - 3\A1-Iroanya-Firstinitial\Shapes.h(132,35): warning C4244: 'argument': conversion from 'int' to 'GLfloat', possible loss of data
C:\Users\PC\source\repos\A1-Iroanya-Firstinitial\A1-IROANYA-III-EaseInOut - 3\A1-Iroanya-Firstinitial\Shapes.h(132,23): warning C4244: 'argument': conversion from 'int' to 'GLfloat', possible loss of data
C:\Users\PC\source\repos\A1-Iroanya-Firstinitial\A1-IROANYA-III-EaseInOut - 3\A1-Iroanya-Firstinitial\Shapes.h(133,23): warning C4244: 'argument': conversion from 'int' to 'GLfloat', possible loss of data
C:\Users\PC\source\repos\A1-Iroanya-Firstinitial\A1-IROANYA-III-EaseInOut - 3\A1-Iroanya-Firstinitial\Shapes.h(133,20): warning C4244: 'argument': conversion from 'int' to 'GLfloat', possible loss of data
C:\Users\PC\source\repos\A1-Iroanya-Firstinitial\A1-IROANYA-III-EaseInOut - 3\A1-Iroanya-Firstinitial\Shapes.h(134,29): warning C4244: 'argument': conversion from 'int' to 'GLfloat', possible loss of data
C:\Users\PC\source\repos\A1-Iroanya-Firstinitial\A1-IROANYA-III-EaseInOut - 3\A1-Iroanya-Firstinitial\Shapes.h(134,22): warning C4244: 'argument': conversion from 'int' to 'GLfloat', possible loss of data
C:\Users\PC\source\repos\A1-Iroanya-Firstinitial\A1-IROANYA-III-EaseInOut - 3\A1-Iroanya-Firstinitial\Shapes.h(135,23): warning C4244: 'argument': conversion from 'int' to 'GLfloat', possible loss of data
C:\Users\PC\source\repos\A1-Iroanya-Firstinitial\A1-IROANYA-III-EaseInOut - 3\A1-Iroanya-Firstinitial\Shapes.h(136,32): warning C4244: 'argument': conversion from 'int' to 'GLfloat', possible loss of data
C:\Users\PC\source\repos\A1-Iroanya-Firstinitial\A1-IROANYA-III-EaseInOut - 3\A1-Iroanya-Firstinitial\Shapes.h(136,20): warning C4244: 'argument': conversion from 'int' to 'GLfloat', possible loss of data
C:\Users\PC\source\repos\A1-Iroanya-Firstinitial\A1-IROANYA-III-EaseInOut - 3\A1-Iroanya-Firstinitial\Shapes.h(138,27): warning C4244: 'argument': conversion from 'int' to 'GLfloat', possible loss of data
C:\Users\PC\source\repos\A1-Iroanya-Firstinitial\A1-IROANYA-III-EaseInOut - 3\A1-Iroanya-Firstinitial\Shapes.h(138,22): warning C4244: 'argument': conversion from 'int' to 'GLfloat', possible loss of data
C:\Users\PC\source\repos\A1-Iroanya-Firstinitial\A1-IROANYA-III-EaseInOut - 3\A1-Iroanya-Firstinitial\Shapes.h(145,15): warning C4244: 'initializing': conversion from 'float' to 'int', possible loss of data
C:\Users\PC\source\repos\A1-Iroanya-Firstinitial\A1-IROANYA-III-EaseInOut - 3\A1-Iroanya-Firstinitial\Shapes.h(150,29): warning C4244: 'argument': conversion from 'int' to 'GLfloat', possible loss of data
C:\Users\PC\source\repos\A1-Iroanya-Firstinitial\A1-IROANYA-III-EaseInOut - 3\A1-Iroanya-Firstinitial\Shapes.h(150,22): warning C4244: 'argument': conversion from 'int' to 'GLfloat', possible loss of data
C:\Users\PC\source\repos\A1-Iroanya-Firstinitial\A1-IROANYA-III-EaseInOut - 3\A1-Iroanya-Firstinitial\Shapes.h(151,27): warning C4244: 'argument': conversion from 'int' to 'GLfloat', possible loss of data
C:\Users\PC\source\repos\A1-Iroanya-Firstinitial\A1-IROANYA-III-EaseInOut - 3\A1-Iroanya-Firstinitial\Shapes.h(151,22): warning C4244: 'argument': conversion from 'int' to 'GLfloat', possible loss of data
C:\Users\PC\source\repos\A1-Iroanya-Firstinitial\A1-IROANYA-III-EaseInOut - 3\A1-Iroanya-Firstinitial\Shapes.h(152,20): warning C4244: 'argument': conversion from 'int' to 'GLfloat', possible loss of data
C:\Users\PC\source\repos\A1-Iroanya-Firstinitial\A1-IROANYA-III-EaseInOut - 3\A1-Iroanya-Firstinitial\Shapes.h(153,35): warning C4244: 'argument': conversion from 'int' to 'GLfloat', possible loss of data
C:\Users\PC\source\repos\A1-Iroanya-Firstinitial\A1-IROANYA-III-EaseInOut - 3\A1-Iroanya-Firstinitial\Shapes.h(153,23): warning C4244: 'argument': conversion from 'int' to 'GLfloat', possible loss of data
C:\Users\PC\source\repos\A1-Iroanya-Firstinitial\A1-IROANYA-III-EaseInOut - 3\A1-Iroanya-Firstinitial\Shapes.h(154,23): warning C4244: 'argument': conversion from 'int' to 'GLfloat', possible loss of data
C:\Users\PC\source\repos\A1-Iroanya-Firstinitial\A1-IROANYA-III-EaseInOut - 3\A1-Iroanya-Firstinitial\Shapes.h(154,20): warning C4244: 'argument': conversion from 'int' to 'GLfloat', possible loss of data
C:\Users\PC\source\repos\A1-Iroanya-Firstinitial\A1-IROANYA-III-EaseInOut - 3\A1-Iroanya-Firstinitial\Shapes.h(155,29): warning C4244: 'argument': conversion from 'int' to 'GLfloat', possible loss of data
C:\Users\PC\source\repos\A1-Iroanya-Firstinitial\A1-IROANYA-III-EaseInOut - 3\A1-Iroanya-Firstinitial\Shapes.h(155,22): warning C4244: 'argument': conversion from 'int' to 'GLfloat', possible loss of data
C:\Users\PC\source\repos\A1-Iroanya-Firstinitial\A1-IROANYA-III-EaseInOut - 3\A1-Iroanya-Firstinitial\Shapes.h(156,23): warning C4244: 'argument': conversion from 'int' to 'GLfloat', possible loss of data
C:\Users\PC\source\repos\A1-Iroanya-Firstinitial\A1-IROANYA-III-EaseInOut - 3\A1-Iroanya-Firstinitial\Shapes.h(157,32): warning C4244: 'argument': conversion from 'int' to 'GLfloat', possible loss of data
C:\Users\PC\source\repos\A1-Iroanya-Firstinitial\A1-IROANYA-III-EaseInOut - 3\A1-Iroanya-Firstinitial\Shapes.h(157,20): warning C4244: 'argument': conversion from 'int' to 'GLfloat', possible loss of data
C:\Users\PC\source\repos\A1-Iroanya-Firstinitial\A1-IROANYA-III-EaseInOut - 3\A1-Iroanya-Firstinitial\Shapes.h(159,27): warning C4244: 'argument': conversion from 'int' to 'GLfloat', possible loss of data
C:\Users\PC\source\repos\A1-Iroanya-Firstinitial\A1-IROANYA-III-EaseInOut - 3\A1-Iroanya-Firstinitial\Shapes.h(159,22): warning C4244: 'argument': conversion from 'int' to 'GLfloat', possible loss of data
C:\Users\PC\source\repos\A1-Iroanya-Firstinitial\A1-IROANYA-III-EaseInOut - 3\A1-Iroanya-Firstinitial\Shapes.h(165,15): warning C4244: 'initializing': conversion from 'float' to 'int', possible loss of data
C:\Users\PC\source\repos\A1-Iroanya-Firstinitial\A1-IROANYA-III-EaseInOut - 3\A1-Iroanya-Firstinitial\Shapes.h(170,29): warning C4244: 'argument': conversion from 'int' to 'GLfloat', possible loss of data
C:\Users\PC\source\repos\A1-Iroanya-Firstinitial\A1-IROANYA-III-EaseInOut - 3\A1-Iroanya-Firstinitial\Shapes.h(170,22): warning C4244: 'argument': conversion from 'int' to 'GLfloat', possible loss of data
C:\Users\PC\source\repos\A1-Iroanya-Firstinitial\A1-IROANYA-III-EaseInOut - 3\A1-Iroanya-Firstinitial\Shapes.h(171,27): warning C4244: 'argument': conversion from 'int' to 'GLfloat', possible loss of data
C:\Users\PC\source\repos\A1-Iroanya-Firstinitial\A1-IROANYA-III-EaseInOut - 3\A1-Iroanya-Firstinitial\Shapes.h(171,22): warning C4244: 'argument': conversion from 'int' to 'GLfloat', possible loss of data
C:\Users\PC\source\repos\A1-Iroanya-Firstinitial\A1-IROANYA-III-EaseInOut - 3\A1-Iroanya-Firstinitial\Shapes.h(172,20): warning C4244: 'argument': conversion from 'int' to 'GLfloat', possible loss of data
C:\Users\PC\source\repos\A1-Iroanya-Firstinitial\A1-IROANYA-III-EaseInOut - 3\A1-Iroanya-Firstinitial\Shapes.h(173,31): warning C4244: 'argument': conversion from 'int' to 'GLfloat', possible loss of data
C:\Users\PC\source\repos\A1-Iroanya-Firstinitial\A1-IROANYA-III-EaseInOut - 3\A1-Iroanya-Firstinitial\Shapes.h(173,23): warning C4244: 'argument': conversion from 'int' to 'GLfloat', possible loss of data
C:\Users\PC\source\repos\A1-Iroanya-Firstinitial\A1-IROANYA-III-EaseInOut - 3\A1-Iroanya-Firstinitial\Shapes.h(174,23): warning C4244: 'argument': conversion from 'int' to 'GLfloat', possible loss of data
C:\Users\PC\source\repos\A1-Iroanya-Firstinitial\A1-IROANYA-III-EaseInOut - 3\A1-Iroanya-Firstinitial\Shapes.h(174,20): warning C4244: 'argument': conversion from 'int' to 'GLfloat', possible loss of data
C:\Users\PC\source\repos\A1-Iroanya-Firstinitial\A1-IROANYA-III-EaseInOut - 3\A1-Iroanya-Firstinitial\Shapes.h(175,29): warning C4244: 'argument': conversion from 'int' to 'GLfloat', possible loss of data
C:\Users\PC\source\repos\A1-Iroanya-Firstinitial\A1-IROANYA-III-EaseInOut - 3\A1-Iroanya-Firstinitial\Shapes.h(175,22): warning C4244: 'argument': conversion from 'int' to 'GLfloat', possible loss of data
C:\Users\PC\source\repos\A1-Iroanya-Firstinitial\A1-IROANYA-III-EaseInOut - 3\A1-Iroanya-Firstinitial\Shapes.h(176,23): warning C4244: 'argument': conversion from 'int' to 'GLfloat', possible loss of data
C:\Users\PC\source\repos\A1-Iroanya-Firstinitial\A1-IROANYA-III-EaseInOut - 3\A1-Iroanya-Firstinitial\Shapes.h(177,28): warning C4244: 'argument': conversion from 'int' to 'GLfloat', possible loss of data
C:\Users\PC\source\repos\A1-Iroanya-Firstinitial\A1-IROANYA-III-EaseInOut - 3\A1-Iroanya-Firstinitial\Shapes.h(177,20): warning C4244: 'argument': conversion from 'int' to 'GLfloat', possible loss of data
C:\Users\PC\source\repos\A1-Iroanya-Firstinitial\A1-IROANYA-III-EaseInOut - 3\A1-Iroanya-Firstinitial\Shapes.h(179,27): warning C4244: 'argument': conversion from 'int' to 'GLfloat', possible loss of data
C:\Users\PC\source\repos\A1-Iroanya-Firstinitial\A1-IROANYA-III-EaseInOut - 3\A1-Iroanya-Firstinitial\Shapes.h(179,22): warning C4244: 'argument': conversion from 'int' to 'GLfloat', possible loss of data
C:\Users\PC\source\repos\A1-Iroanya-Firstinitial\A1-IROANYA-III-EaseInOut - 3\A1-Iroanya-Firstinitial\Utils.h(78,20): warning C4244: 'return': conversion from 'double' to 'float', possible loss of data
C:\Users\PC\source\repos\A1-Iroanya-Firstinitial\A1-IROANYA-III-EaseInOut - 3\A1-Iroanya-Firstinitial\Game.h(48,1): warning C4305: 'argument': truncation from 'double' to 'float'
C:\Users\PC\source\repos\A1-Iroanya-Firstinitial\A1-IROANYA-III-EaseInOut - 3\A1-Iroanya-Firstinitial\Game.h(51,1): warning C4305: 'argument': truncation from 'double' to 'float'
C:\Users\PC\source\repos\A1-Iroanya-Firstinitial\A1-IROANYA-III-EaseInOut - 3\A1-Iroanya-Firstinitial\Game.h(52,1): warning C4305: 'argument': truncation from 'double' to 'float'
C:\Users\PC\source\repos\A1-Iroanya-Firstinitial\A1-IROANYA-III-EaseInOut - 3\A1-Iroanya-Firstinitial\Game.h(53,1): warning C4305: 'argument': truncation from 'double' to 'float'
C:\Users\PC\source\repos\A1-Iroanya-Firstinitial\A1-IROANYA-III-EaseInOut - 3\A1-Iroanya-Firstinitial\Game.h(54,1): warning C4305: 'argument': truncation from 'double' to 'float'
C:\Users\PC\source\repos\A1-Iroanya-Firstinitial\A1-IROANYA-III-EaseInOut - 3\A1-Iroanya-Firstinitial\Game.h(55,1): warning C4305: 'argument': truncation from 'double' to 'float'
C:\Users\PC\source\repos\A1-Iroanya-Firstinitial\A1-IROANYA-III-EaseInOut - 3\A1-Iroanya-Firstinitial\Game.h(70,65): warning C4244: 'argument': conversion from 'double' to 'float', possible loss of data
C:\Users\PC\source\repos\A1-Iroanya-Firstinitial\A1-IROANYA-III-EaseInOut - 3\A1-Iroanya-Firstinitial\Game.h(70,47): warning C4244: 'argument': conversion from 'double' to 'float', possible loss of data
C:\Users\PC\source\repos\A1-Iroanya-Firstinitial\A1-IROANYA-III-EaseInOut - 3\A1-Iroanya-Firstinitial\Game.h(75,67): warning C4244: 'argument': conversion from 'double' to 'float', possible loss of data
C:\Users\PC\source\repos\A1-Iroanya-Firstinitial\A1-IROANYA-III-EaseInOut - 3\A1-Iroanya-Firstinitial\Game.h(75,49): warning C4244: 'argument': conversion from 'double' to 'float', possible loss of data
C:\Users\PC\source\repos\A1-Iroanya-Firstinitial\A1-IROANYA-III-EaseInOut - 3\A1-Iroanya-Firstinitial\Game.h(75,117): warning C4244: 'argument': conversion from 'double' to 'float', possible loss of data
C:\Users\PC\source\repos\A1-Iroanya-Firstinitial\A1-IROANYA-III-EaseInOut - 3\A1-Iroanya-Firstinitial\Game.h(75,95): warning C4244: 'argument': conversion from 'double' to 'float', possible loss of data
C:\Users\PC\source\repos\A1-Iroanya-Firstinitial\A1-IROANYA-III-EaseInOut - 3\A1-Iroanya-Firstinitial\Game.h(79,67): warning C4244: 'argument': conversion from 'double' to 'float', possible loss of data
C:\Users\PC\source\repos\A1-Iroanya-Firstinitial\A1-IROANYA-III-EaseInOut - 3\A1-Iroanya-Firstinitial\Game.h(79,49): warning C4244: 'argument': conversion from 'double' to 'float', possible loss of data
C:\Users\PC\source\repos\A1-Iroanya-Firstinitial\A1-IROANYA-III-EaseInOut - 3\A1-Iroanya-Firstinitial\Game.h(98,22): warning C4018: '<': signed/unsigned mismatch
C:\Users\PC\source\repos\A1-Iroanya-Firstinitial\A1-IROANYA-III-EaseInOut - 3\A1-Iroanya-Firstinitial\Game.h(100,13): warning C4244: 'initializing': conversion from '_Ty' to 'float', possible loss of data
          with
          [
              _Ty=int
          ]
C:\Users\PC\source\repos\A1-Iroanya-Firstinitial\A1-IROANYA-III-EaseInOut - 3\A1-Iroanya-Firstinitial\Game.h(115,62): warning C4244: 'argument': conversion from 'double' to 'float', possible loss of data
C:\Users\PC\source\repos\A1-Iroanya-Firstinitial\A1-IROANYA-III-EaseInOut - 3\A1-Iroanya-Firstinitial\Game.h(115,44): warning C4244: 'argument': conversion from 'double' to 'float', possible loss of data
C:\Users\PC\source\repos\A1-Iroanya-Firstinitial\A1-IROANYA-III-EaseInOut - 3\A1-Iroanya-Firstinitial\Game.h(115,112): warning C4244: 'argument': conversion from 'double' to 'float', possible loss of data
C:\Users\PC\source\repos\A1-Iroanya-Firstinitial\A1-IROANYA-III-EaseInOut - 3\A1-Iroanya-Firstinitial\Game.h(115,90): warning C4244: 'argument': conversion from 'double' to 'float', possible loss of data
C:\Users\PC\source\repos\A1-Iroanya-Firstinitial\A1-IROANYA-III-EaseInOut - 3\A1-Iroanya-Firstinitial\Game.h(126,41): warning C4244: 'argument': conversion from 'unsigned int' to 'float', possible loss of data
C:\Users\PC\source\repos\A1-Iroanya-Firstinitial\A1-IROANYA-III-EaseInOut - 3\A1-Iroanya-Firstinitial\Game.h(126,18): warning C4244: '=': conversion from 'float' to 'int', possible loss of data
C:\Users\PC\source\repos\A1-Iroanya-Firstinitial\A1-IROANYA-III-EaseInOut - 3\A1-Iroanya-Firstinitial\Game.h(127,9): warning C4018: '>=': signed/unsigned mismatch
C:\Users\PC\source\repos\A1-Iroanya-Firstinitial\A1-IROANYA-III-EaseInOut - 3\A1-Iroanya-Firstinitial\Game.h(150,98): warning C4244: 'argument': conversion from 'double' to 'float', possible loss of data
C:\Users\PC\source\repos\A1-Iroanya-Firstinitial\A1-IROANYA-III-EaseInOut - 3\A1-Iroanya-Firstinitial\Game.h(150,76): warning C4244: 'argument': conversion from 'double' to 'float', possible loss of data
C:\Users\PC\source\repos\A1-Iroanya-Firstinitial\A1-IROANYA-III-EaseInOut - 3\A1-Iroanya-Firstinitial\Game.h(150,54): warning C4244: 'argument': conversion from 'double' to 'float', possible loss of data
C:\Users\PC\source\repos\A1-Iroanya-Firstinitial\A1-IROANYA-III-EaseInOut - 3\A1-Iroanya-Firstinitial\Game.h(150,36): warning C4244: 'argument': conversion from 'double' to 'float', possible loss of data
C:\Users\PC\source\repos\A1-Iroanya-Firstinitial\A1-IROANYA-III-EaseInOut - 3\A1-Iroanya-Firstinitial\Game.h(154,30): warning C4244: 'argument': conversion from 'double' to 'float', possible loss of data
C:\Users\PC\source\repos\A1-Iroanya-Firstinitial\A1-IROANYA-III-EaseInOut - 3\A1-Iroanya-Firstinitial\Game.h(154,21): warning C4244: 'argument': conversion from 'double' to 'float', possible loss of data
C:\Users\PC\source\repos\A1-Iroanya-Firstinitial\A1-IROANYA-III-EaseInOut - 3\A1-Iroanya-Firstinitial\GameWindow.h(205,20): warning C4244: '=': conversion from 'double' to 'float', possible loss of data
C:\Users\PC\source\repos\A1-Iroanya-Firstinitial\A1-IROANYA-III-EaseInOut - 3\A1-Iroanya-Firstinitial\GameWindow.h(206,11): warning C4244: '=': conversion from 'int' to 'float', possible loss of data
C:\Users\PC\source\repos\A1-Iroanya-Firstinitial\A1-IROANYA-III-EaseInOut - 3\A1-Iroanya-Firstinitial\GameWindow.h(255,18): warning C4244: '=': conversion from 'int' to 'float', possible loss of data
C:\Users\PC\source\repos\A1-Iroanya-Firstinitial\A1-IROANYA-III-EaseInOut - 3\A1-Iroanya-Firstinitial\Main.cpp(36,15): warning C4244: 'argument': conversion from 'time_t' to 'unsigned int', possible loss of data
  A1-Iroanya-Firstinitial.vcxproj -> C:\Users\PC\source\repos\A1-Iroanya-Firstinitial\A1-IROANYA-III-EaseInOut - 3\Debug\A1-Iroanya-Firstinitial.exe
